ARM GAS  C:\Users\Joknem\AppData\Local\Temp\ccuOAQtx.s 			page 1


   1              		.cpu cortex-m7
   2              		.eabi_attribute 28, 1
   3              		.eabi_attribute 20, 1
   4              		.eabi_attribute 21, 1
   5              		.eabi_attribute 23, 3
   6              		.eabi_attribute 24, 1
   7              		.eabi_attribute 25, 1
   8              		.eabi_attribute 26, 1
   9              		.eabi_attribute 30, 1
  10              		.eabi_attribute 34, 1
  11              		.eabi_attribute 18, 4
  12              		.file	"CmdSerial.c"
  13              		.text
  14              	.Ltext0:
  15              		.cfi_sections	.debug_frame
  16              		.section	.rodata.CmdProcessing.str1.4,"aMS",%progbits,1
  17              		.align	2
  18              	.LC0:
  19 0000 25660A00 		.ascii	"%f\012\000"
  20              		.section	.text.CmdProcessing,"ax",%progbits
  21              		.align	1
  22              		.global	CmdProcessing
  23              		.arch armv7e-m
  24              		.syntax unified
  25              		.thumb
  26              		.thumb_func
  27              		.fpu fpv5-d16
  29              	CmdProcessing:
  30              	.LVL0:
  31              	.LFB188:
  32              		.file 1 "User/Src/CmdSerial.c"
   1:User/Src/CmdSerial.c **** #include "main.h"
   2:User/Src/CmdSerial.c **** #include "CmdSerial.h"
   3:User/Src/CmdSerial.c **** #include "motor.h"
   4:User/Src/CmdSerial.c **** 
   5:User/Src/CmdSerial.c **** 
   6:User/Src/CmdSerial.c **** char chcmd[64];
   7:User/Src/CmdSerial.c **** 
   8:User/Src/CmdSerial.c **** 
   9:User/Src/CmdSerial.c **** uint16_t cmd_i = 0;
  10:User/Src/CmdSerial.c **** 
  11:User/Src/CmdSerial.c **** extern float ref_angle[3];
  12:User/Src/CmdSerial.c **** extern Motor motor[3];
  13:User/Src/CmdSerial.c **** void set_angle(Motor motor[], float32_t target_angle[]);
  14:User/Src/CmdSerial.c **** 
  15:User/Src/CmdSerial.c **** void CmdProcessing(UART_HandleTypeDef* huart)
  16:User/Src/CmdSerial.c **** {
  33              		.loc 1 16 1 view -0
  34              		.cfi_startproc
  35              		@ args = 0, pretend = 0, frame = 0
  36              		@ frame_needed = 0, uses_anonymous_args = 0
  37              		.loc 1 16 1 is_stmt 0 view .LVU1
  38 0000 38B5     		push	{r3, r4, r5, lr}
  39              	.LCFI0:
  40              		.cfi_def_cfa_offset 16
  41              		.cfi_offset 3, -16
  42              		.cfi_offset 4, -12
ARM GAS  C:\Users\Joknem\AppData\Local\Temp\ccuOAQtx.s 			page 2


  43              		.cfi_offset 5, -8
  44              		.cfi_offset 14, -4
  45 0002 0446     		mov	r4, r0
  17:User/Src/CmdSerial.c **** 	static char mode;
  46              		.loc 1 17 2 is_stmt 1 view .LVU2
  18:User/Src/CmdSerial.c **** 	static uint16_t cmd_start = 0;
  47              		.loc 1 18 2 view .LVU3
  19:User/Src/CmdSerial.c **** 
  20:User/Src/CmdSerial.c **** 	static float fPm1, fPm2, fPm3;
  48              		.loc 1 20 2 view .LVU4
  21:User/Src/CmdSerial.c **** 	static int iPm1, iPm2, iPm3;
  49              		.loc 1 21 2 view .LVU5
  22:User/Src/CmdSerial.c **** 
  23:User/Src/CmdSerial.c **** 	if(chcmd[cmd_i] == '\n')
  50              		.loc 1 23 2 view .LVU6
  51              		.loc 1 23 10 is_stmt 0 view .LVU7
  52 0004 174B     		ldr	r3, .L8
  53 0006 1B88     		ldrh	r3, [r3]
  54 0008 174A     		ldr	r2, .L8+4
  55 000a D25C     		ldrb	r2, [r2, r3]	@ zero_extendqisi2
  56              		.loc 1 23 4 view .LVU8
  57 000c 0A2A     		cmp	r2, #10
  58 000e 0BD0     		beq	.L6
  24:User/Src/CmdSerial.c **** 	{
  25:User/Src/CmdSerial.c **** 		chcmd[cmd_i + 1] = 0;
  26:User/Src/CmdSerial.c **** 		switch(chcmd[cmd_start])
  27:User/Src/CmdSerial.c **** 		{
  28:User/Src/CmdSerial.c **** 			case 'G':
  29:User/Src/CmdSerial.c **** 				sscanf(chcmd + 1, "%f\n", &fPm3);
  30:User/Src/CmdSerial.c **** 				ref_angle[0] = fPm3;
  31:User/Src/CmdSerial.c **** 				ref_angle[1] = -fPm3;
  32:User/Src/CmdSerial.c **** 				set_angle(motor, ref_angle);
  33:User/Src/CmdSerial.c **** 				break;
  34:User/Src/CmdSerial.c **** 			default:
  35:User/Src/CmdSerial.c **** 				break;
  36:User/Src/CmdSerial.c **** 		}
  37:User/Src/CmdSerial.c **** 		cmd_i = 0;
  38:User/Src/CmdSerial.c **** 	}
  39:User/Src/CmdSerial.c **** 	else
  40:User/Src/CmdSerial.c **** 	{
  41:User/Src/CmdSerial.c **** 		cmd_i++;
  59              		.loc 1 41 3 is_stmt 1 view .LVU9
  60              		.loc 1 41 8 is_stmt 0 view .LVU10
  61 0010 0133     		adds	r3, r3, #1
  62 0012 144A     		ldr	r2, .L8
  63 0014 1380     		strh	r3, [r2]	@ movhi
  64              	.LVL1:
  65              	.L4:
  42:User/Src/CmdSerial.c **** 	}
  43:User/Src/CmdSerial.c **** 	HAL_UART_Receive_IT(huart, (uint8_t*)&chcmd[cmd_i], 1);
  66              		.loc 1 43 2 is_stmt 1 view .LVU11
  67              		.loc 1 43 45 is_stmt 0 view .LVU12
  68 0016 134B     		ldr	r3, .L8
  69 0018 1B88     		ldrh	r3, [r3]
  70              		.loc 1 43 2 view .LVU13
  71 001a 0122     		movs	r2, #1
  72 001c 1249     		ldr	r1, .L8+4
ARM GAS  C:\Users\Joknem\AppData\Local\Temp\ccuOAQtx.s 			page 3


  73 001e 1944     		add	r1, r1, r3
  74 0020 2046     		mov	r0, r4
  75 0022 FFF7FEFF 		bl	HAL_UART_Receive_IT
  76              	.LVL2:
  44:User/Src/CmdSerial.c **** 	
  45:User/Src/CmdSerial.c **** }
  77              		.loc 1 45 1 view .LVU14
  78 0026 38BD     		pop	{r3, r4, r5, pc}
  79              	.LVL3:
  80              	.L6:
  25:User/Src/CmdSerial.c **** 		switch(chcmd[cmd_start])
  81              		.loc 1 25 3 is_stmt 1 view .LVU15
  25:User/Src/CmdSerial.c **** 		switch(chcmd[cmd_start])
  82              		.loc 1 25 15 is_stmt 0 view .LVU16
  83 0028 0133     		adds	r3, r3, #1
  25:User/Src/CmdSerial.c **** 		switch(chcmd[cmd_start])
  84              		.loc 1 25 20 view .LVU17
  85 002a 0F4A     		ldr	r2, .L8+4
  86 002c 0021     		movs	r1, #0
  87 002e D154     		strb	r1, [r2, r3]
  26:User/Src/CmdSerial.c **** 		{
  88              		.loc 1 26 3 is_stmt 1 view .LVU18
  26:User/Src/CmdSerial.c **** 		{
  89              		.loc 1 26 15 is_stmt 0 view .LVU19
  90 0030 1378     		ldrb	r3, [r2]	@ zero_extendqisi2
  26:User/Src/CmdSerial.c **** 		{
  91              		.loc 1 26 3 view .LVU20
  92 0032 472B     		cmp	r3, #71
  93 0034 03D0     		beq	.L7
  94              	.LVL4:
  95              	.L3:
  37:User/Src/CmdSerial.c **** 	}
  96              		.loc 1 37 3 is_stmt 1 view .LVU21
  37:User/Src/CmdSerial.c **** 	}
  97              		.loc 1 37 9 is_stmt 0 view .LVU22
  98 0036 0B4B     		ldr	r3, .L8
  99 0038 0022     		movs	r2, #0
 100 003a 1A80     		strh	r2, [r3]	@ movhi
 101 003c EBE7     		b	.L4
 102              	.LVL5:
 103              	.L7:
  29:User/Src/CmdSerial.c **** 				ref_angle[0] = fPm3;
 104              		.loc 1 29 5 is_stmt 1 view .LVU23
 105 003e 0B4D     		ldr	r5, .L8+8
 106 0040 2A46     		mov	r2, r5
 107 0042 0B49     		ldr	r1, .L8+12
 108 0044 0B48     		ldr	r0, .L8+16
 109              	.LVL6:
  29:User/Src/CmdSerial.c **** 				ref_angle[0] = fPm3;
 110              		.loc 1 29 5 is_stmt 0 view .LVU24
 111 0046 FFF7FEFF 		bl	sscanf
 112              	.LVL7:
  30:User/Src/CmdSerial.c **** 				ref_angle[1] = -fPm3;
 113              		.loc 1 30 5 is_stmt 1 view .LVU25
  30:User/Src/CmdSerial.c **** 				ref_angle[1] = -fPm3;
 114              		.loc 1 30 18 is_stmt 0 view .LVU26
 115 004a D5ED007A 		vldr.32	s15, [r5]
ARM GAS  C:\Users\Joknem\AppData\Local\Temp\ccuOAQtx.s 			page 4


 116 004e 0A49     		ldr	r1, .L8+20
 117 0050 C1ED007A 		vstr.32	s15, [r1]
  31:User/Src/CmdSerial.c **** 				set_angle(motor, ref_angle);
 118              		.loc 1 31 5 is_stmt 1 view .LVU27
  31:User/Src/CmdSerial.c **** 				set_angle(motor, ref_angle);
 119              		.loc 1 31 20 is_stmt 0 view .LVU28
 120 0054 F1EE677A 		vneg.f32	s15, s15
  31:User/Src/CmdSerial.c **** 				set_angle(motor, ref_angle);
 121              		.loc 1 31 18 view .LVU29
 122 0058 C1ED017A 		vstr.32	s15, [r1, #4]
  32:User/Src/CmdSerial.c **** 				break;
 123              		.loc 1 32 5 is_stmt 1 view .LVU30
 124 005c 0748     		ldr	r0, .L8+24
 125 005e FFF7FEFF 		bl	set_angle
 126              	.LVL8:
  33:User/Src/CmdSerial.c **** 			default:
 127              		.loc 1 33 5 view .LVU31
 128 0062 E8E7     		b	.L3
 129              	.L9:
 130              		.align	2
 131              	.L8:
 132 0064 00000000 		.word	.LANCHOR0
 133 0068 00000000 		.word	.LANCHOR1
 134 006c 00000000 		.word	.LANCHOR2
 135 0070 00000000 		.word	.LC0
 136 0074 01000000 		.word	.LANCHOR1+1
 137 0078 00000000 		.word	ref_angle
 138 007c 00000000 		.word	motor
 139              		.cfi_endproc
 140              	.LFE188:
 142              		.global	cmd_i
 143              		.global	chcmd
 144              		.section	.bss.chcmd,"aw",%nobits
 145              		.align	2
 146              		.set	.LANCHOR1,. + 0
 149              	chcmd:
 150 0000 00000000 		.space	64
 150      00000000 
 150      00000000 
 150      00000000 
 150      00000000 
 151              		.section	.bss.cmd_i,"aw",%nobits
 152              		.align	1
 153              		.set	.LANCHOR0,. + 0
 156              	cmd_i:
 157 0000 0000     		.space	2
 158              		.section	.bss.fPm3.0,"aw",%nobits
 159              		.align	2
 160              		.set	.LANCHOR2,. + 0
 163              	fPm3.0:
 164 0000 00000000 		.space	4
 165              		.text
 166              	.Letext0:
 167              		.file 2 "c:\\program files (x86)\\gnu arm embedded toolchain\\10 2021.07\\arm-none-eabi\\include\\
 168              		.file 3 "c:\\program files (x86)\\gnu arm embedded toolchain\\10 2021.07\\arm-none-eabi\\include\\
 169              		.file 4 "Drivers/CMSIS/Device/ST/STM32H7xx/Include/stm32h743xx.h"
 170              		.file 5 "Drivers/STM32H7xx_HAL_Driver/Inc/stm32h7xx_hal_def.h"
ARM GAS  C:\Users\Joknem\AppData\Local\Temp\ccuOAQtx.s 			page 5


 171              		.file 6 "Drivers/STM32H7xx_HAL_Driver/Inc/stm32h7xx_hal_dma.h"
 172              		.file 7 "Drivers/STM32H7xx_HAL_Driver/Inc/stm32h7xx_hal_uart.h"
 173              		.file 8 "Drivers/CMSIS/DSP/Include/arm_math.h"
 174              		.file 9 "User/Inc/motor.h"
 175              		.file 10 "c:\\program files (x86)\\gnu arm embedded toolchain\\10 2021.07\\arm-none-eabi\\include\
ARM GAS  C:\Users\Joknem\AppData\Local\Temp\ccuOAQtx.s 			page 6


DEFINED SYMBOLS
                            *ABS*:00000000 CmdSerial.c
C:\Users\Joknem\AppData\Local\Temp\ccuOAQtx.s:17     .rodata.CmdProcessing.str1.4:00000000 $d
C:\Users\Joknem\AppData\Local\Temp\ccuOAQtx.s:21     .text.CmdProcessing:00000000 $t
C:\Users\Joknem\AppData\Local\Temp\ccuOAQtx.s:29     .text.CmdProcessing:00000000 CmdProcessing
C:\Users\Joknem\AppData\Local\Temp\ccuOAQtx.s:132    .text.CmdProcessing:00000064 $d
C:\Users\Joknem\AppData\Local\Temp\ccuOAQtx.s:156    .bss.cmd_i:00000000 cmd_i
C:\Users\Joknem\AppData\Local\Temp\ccuOAQtx.s:149    .bss.chcmd:00000000 chcmd
C:\Users\Joknem\AppData\Local\Temp\ccuOAQtx.s:145    .bss.chcmd:00000000 $d
C:\Users\Joknem\AppData\Local\Temp\ccuOAQtx.s:152    .bss.cmd_i:00000000 $d
C:\Users\Joknem\AppData\Local\Temp\ccuOAQtx.s:159    .bss.fPm3.0:00000000 $d
C:\Users\Joknem\AppData\Local\Temp\ccuOAQtx.s:163    .bss.fPm3.0:00000000 fPm3.0

UNDEFINED SYMBOLS
HAL_UART_Receive_IT
sscanf
set_angle
ref_angle
motor
