ARM GAS  C:\Users\Joknem\AppData\Local\Temp\ccgadaOX.s 			page 1


   1              		.cpu cortex-m7
   2              		.eabi_attribute 28, 1
   3              		.eabi_attribute 20, 1
   4              		.eabi_attribute 21, 1
   5              		.eabi_attribute 23, 3
   6              		.eabi_attribute 24, 1
   7              		.eabi_attribute 25, 1
   8              		.eabi_attribute 26, 1
   9              		.eabi_attribute 30, 1
  10              		.eabi_attribute 34, 1
  11              		.eabi_attribute 18, 4
  12              		.file	"fdcan.c"
  13              		.text
  14              	.Ltext0:
  15              		.cfi_sections	.debug_frame
  16              		.section	.text.MX_FDCAN1_Init,"ax",%progbits
  17              		.align	1
  18              		.global	MX_FDCAN1_Init
  19              		.arch armv7e-m
  20              		.syntax unified
  21              		.thumb
  22              		.thumb_func
  23              		.fpu fpv5-d16
  25              	MX_FDCAN1_Init:
  26              	.LFB185:
  27              		.file 1 "Core/Src/fdcan.c"
   1:Core/Src/fdcan.c **** /**
   2:Core/Src/fdcan.c ****   ******************************************************************************
   3:Core/Src/fdcan.c ****   * @file    fdcan.c
   4:Core/Src/fdcan.c ****   * @brief   This file provides code for the configuration
   5:Core/Src/fdcan.c ****   *          of the FDCAN instances.
   6:Core/Src/fdcan.c ****   ******************************************************************************
   7:Core/Src/fdcan.c ****   * @attention
   8:Core/Src/fdcan.c ****   *
   9:Core/Src/fdcan.c ****   * <h2><center>&copy; Copyright (c) 2022 STMicroelectronics.
  10:Core/Src/fdcan.c ****   * All rights reserved.</center></h2>
  11:Core/Src/fdcan.c ****   *
  12:Core/Src/fdcan.c ****   * This software component is licensed by ST under Ultimate Liberty license
  13:Core/Src/fdcan.c ****   * SLA0044, the "License"; You may not use this file except in compliance with
  14:Core/Src/fdcan.c ****   * the License. You may obtain a copy of the License at:
  15:Core/Src/fdcan.c ****   *                             www.st.com/SLA0044
  16:Core/Src/fdcan.c ****   *
  17:Core/Src/fdcan.c ****   ******************************************************************************
  18:Core/Src/fdcan.c ****   */
  19:Core/Src/fdcan.c **** 
  20:Core/Src/fdcan.c **** /* Includes ------------------------------------------------------------------*/
  21:Core/Src/fdcan.c **** #include "fdcan.h"
  22:Core/Src/fdcan.c **** 
  23:Core/Src/fdcan.c **** /* USER CODE BEGIN 0 */
  24:Core/Src/fdcan.c **** 
  25:Core/Src/fdcan.c **** /* USER CODE END 0 */
  26:Core/Src/fdcan.c **** 
  27:Core/Src/fdcan.c **** FDCAN_HandleTypeDef hfdcan1;
  28:Core/Src/fdcan.c **** FDCAN_HandleTypeDef hfdcan2;
  29:Core/Src/fdcan.c **** 
  30:Core/Src/fdcan.c **** /* FDCAN1 init function */
  31:Core/Src/fdcan.c **** void MX_FDCAN1_Init(void)
ARM GAS  C:\Users\Joknem\AppData\Local\Temp\ccgadaOX.s 			page 2


  32:Core/Src/fdcan.c **** {
  28              		.loc 1 32 1 view -0
  29              		.cfi_startproc
  30              		@ args = 0, pretend = 0, frame = 0
  31              		@ frame_needed = 0, uses_anonymous_args = 0
  32 0000 38B5     		push	{r3, r4, r5, lr}
  33              	.LCFI0:
  34              		.cfi_def_cfa_offset 16
  35              		.cfi_offset 3, -16
  36              		.cfi_offset 4, -12
  37              		.cfi_offset 5, -8
  38              		.cfi_offset 14, -4
  33:Core/Src/fdcan.c **** 
  34:Core/Src/fdcan.c ****   /* USER CODE BEGIN FDCAN1_Init 0 */
  35:Core/Src/fdcan.c **** 
  36:Core/Src/fdcan.c ****   /* USER CODE END FDCAN1_Init 0 */
  37:Core/Src/fdcan.c **** 
  38:Core/Src/fdcan.c ****   /* USER CODE BEGIN FDCAN1_Init 1 */
  39:Core/Src/fdcan.c **** 
  40:Core/Src/fdcan.c ****   /* USER CODE END FDCAN1_Init 1 */
  41:Core/Src/fdcan.c ****   hfdcan1.Instance = FDCAN1;
  39              		.loc 1 41 3 view .LVU1
  40              		.loc 1 41 20 is_stmt 0 view .LVU2
  41 0002 1648     		ldr	r0, .L5
  42 0004 164B     		ldr	r3, .L5+4
  43 0006 0360     		str	r3, [r0]
  42:Core/Src/fdcan.c ****   hfdcan1.Init.FrameFormat = FDCAN_FRAME_CLASSIC;
  44              		.loc 1 42 3 is_stmt 1 view .LVU3
  45              		.loc 1 42 28 is_stmt 0 view .LVU4
  46 0008 0023     		movs	r3, #0
  47 000a 8360     		str	r3, [r0, #8]
  43:Core/Src/fdcan.c ****   hfdcan1.Init.Mode = FDCAN_MODE_NORMAL;
  48              		.loc 1 43 3 is_stmt 1 view .LVU5
  49              		.loc 1 43 21 is_stmt 0 view .LVU6
  50 000c C360     		str	r3, [r0, #12]
  44:Core/Src/fdcan.c ****   hfdcan1.Init.AutoRetransmission = DISABLE;
  51              		.loc 1 44 3 is_stmt 1 view .LVU7
  52              		.loc 1 44 35 is_stmt 0 view .LVU8
  53 000e 0374     		strb	r3, [r0, #16]
  45:Core/Src/fdcan.c ****   hfdcan1.Init.TransmitPause = DISABLE;
  54              		.loc 1 45 3 is_stmt 1 view .LVU9
  55              		.loc 1 45 30 is_stmt 0 view .LVU10
  56 0010 4374     		strb	r3, [r0, #17]
  46:Core/Src/fdcan.c ****   hfdcan1.Init.ProtocolException = DISABLE;
  57              		.loc 1 46 3 is_stmt 1 view .LVU11
  58              		.loc 1 46 34 is_stmt 0 view .LVU12
  59 0012 8374     		strb	r3, [r0, #18]
  47:Core/Src/fdcan.c ****   hfdcan1.Init.NominalPrescaler = 1;
  60              		.loc 1 47 3 is_stmt 1 view .LVU13
  61              		.loc 1 47 33 is_stmt 0 view .LVU14
  62 0014 0122     		movs	r2, #1
  63 0016 4261     		str	r2, [r0, #20]
  48:Core/Src/fdcan.c ****   hfdcan1.Init.NominalSyncJumpWidth = 8;
  64              		.loc 1 48 3 is_stmt 1 view .LVU15
  65              		.loc 1 48 37 is_stmt 0 view .LVU16
  66 0018 0825     		movs	r5, #8
  67 001a 8561     		str	r5, [r0, #24]
ARM GAS  C:\Users\Joknem\AppData\Local\Temp\ccgadaOX.s 			page 3


  49:Core/Src/fdcan.c ****   hfdcan1.Init.NominalTimeSeg1 = 14;
  68              		.loc 1 49 3 is_stmt 1 view .LVU17
  69              		.loc 1 49 32 is_stmt 0 view .LVU18
  70 001c 0E24     		movs	r4, #14
  71 001e C461     		str	r4, [r0, #28]
  50:Core/Src/fdcan.c ****   hfdcan1.Init.NominalTimeSeg2 = 5;
  72              		.loc 1 50 3 is_stmt 1 view .LVU19
  73              		.loc 1 50 32 is_stmt 0 view .LVU20
  74 0020 0521     		movs	r1, #5
  75 0022 0162     		str	r1, [r0, #32]
  51:Core/Src/fdcan.c ****   hfdcan1.Init.DataPrescaler = 1;
  76              		.loc 1 51 3 is_stmt 1 view .LVU21
  77              		.loc 1 51 30 is_stmt 0 view .LVU22
  78 0024 4262     		str	r2, [r0, #36]
  52:Core/Src/fdcan.c ****   hfdcan1.Init.DataSyncJumpWidth = 8;
  79              		.loc 1 52 3 is_stmt 1 view .LVU23
  80              		.loc 1 52 34 is_stmt 0 view .LVU24
  81 0026 8562     		str	r5, [r0, #40]
  53:Core/Src/fdcan.c ****   hfdcan1.Init.DataTimeSeg1 = 14;
  82              		.loc 1 53 3 is_stmt 1 view .LVU25
  83              		.loc 1 53 29 is_stmt 0 view .LVU26
  84 0028 C462     		str	r4, [r0, #44]
  54:Core/Src/fdcan.c ****   hfdcan1.Init.DataTimeSeg2 = 5;
  85              		.loc 1 54 3 is_stmt 1 view .LVU27
  86              		.loc 1 54 29 is_stmt 0 view .LVU28
  87 002a 0163     		str	r1, [r0, #48]
  55:Core/Src/fdcan.c ****   hfdcan1.Init.MessageRAMOffset = 0;
  88              		.loc 1 55 3 is_stmt 1 view .LVU29
  89              		.loc 1 55 33 is_stmt 0 view .LVU30
  90 002c 4363     		str	r3, [r0, #52]
  56:Core/Src/fdcan.c ****   hfdcan1.Init.StdFiltersNbr = 0;
  91              		.loc 1 56 3 is_stmt 1 view .LVU31
  92              		.loc 1 56 30 is_stmt 0 view .LVU32
  93 002e 8363     		str	r3, [r0, #56]
  57:Core/Src/fdcan.c ****   hfdcan1.Init.ExtFiltersNbr = 0;
  94              		.loc 1 57 3 is_stmt 1 view .LVU33
  95              		.loc 1 57 30 is_stmt 0 view .LVU34
  96 0030 C363     		str	r3, [r0, #60]
  58:Core/Src/fdcan.c ****   hfdcan1.Init.RxFifo0ElmtsNbr = 1;
  97              		.loc 1 58 3 is_stmt 1 view .LVU35
  98              		.loc 1 58 32 is_stmt 0 view .LVU36
  99 0032 0264     		str	r2, [r0, #64]
  59:Core/Src/fdcan.c ****   hfdcan1.Init.RxFifo0ElmtSize = FDCAN_DATA_BYTES_8;
 100              		.loc 1 59 3 is_stmt 1 view .LVU37
 101              		.loc 1 59 32 is_stmt 0 view .LVU38
 102 0034 0422     		movs	r2, #4
 103 0036 4264     		str	r2, [r0, #68]
  60:Core/Src/fdcan.c ****   hfdcan1.Init.RxFifo1ElmtsNbr = 0;
 104              		.loc 1 60 3 is_stmt 1 view .LVU39
 105              		.loc 1 60 32 is_stmt 0 view .LVU40
 106 0038 8364     		str	r3, [r0, #72]
  61:Core/Src/fdcan.c ****   hfdcan1.Init.RxFifo1ElmtSize = FDCAN_DATA_BYTES_8;
 107              		.loc 1 61 3 is_stmt 1 view .LVU41
 108              		.loc 1 61 32 is_stmt 0 view .LVU42
 109 003a C264     		str	r2, [r0, #76]
  62:Core/Src/fdcan.c ****   hfdcan1.Init.RxBuffersNbr = 0;
 110              		.loc 1 62 3 is_stmt 1 view .LVU43
ARM GAS  C:\Users\Joknem\AppData\Local\Temp\ccgadaOX.s 			page 4


 111              		.loc 1 62 29 is_stmt 0 view .LVU44
 112 003c 0365     		str	r3, [r0, #80]
  63:Core/Src/fdcan.c ****   hfdcan1.Init.RxBufferSize = FDCAN_DATA_BYTES_8;
 113              		.loc 1 63 3 is_stmt 1 view .LVU45
 114              		.loc 1 63 29 is_stmt 0 view .LVU46
 115 003e 4265     		str	r2, [r0, #84]
  64:Core/Src/fdcan.c ****   hfdcan1.Init.TxEventsNbr = 0;
 116              		.loc 1 64 3 is_stmt 1 view .LVU47
 117              		.loc 1 64 28 is_stmt 0 view .LVU48
 118 0040 8365     		str	r3, [r0, #88]
  65:Core/Src/fdcan.c ****   hfdcan1.Init.TxBuffersNbr = 6;
 119              		.loc 1 65 3 is_stmt 1 view .LVU49
 120              		.loc 1 65 29 is_stmt 0 view .LVU50
 121 0042 0621     		movs	r1, #6
 122 0044 C165     		str	r1, [r0, #92]
  66:Core/Src/fdcan.c ****   hfdcan1.Init.TxFifoQueueElmtsNbr = 6;
 123              		.loc 1 66 3 is_stmt 1 view .LVU51
 124              		.loc 1 66 36 is_stmt 0 view .LVU52
 125 0046 0166     		str	r1, [r0, #96]
  67:Core/Src/fdcan.c ****   hfdcan1.Init.TxFifoQueueMode = FDCAN_TX_FIFO_OPERATION;
 126              		.loc 1 67 3 is_stmt 1 view .LVU53
 127              		.loc 1 67 32 is_stmt 0 view .LVU54
 128 0048 4366     		str	r3, [r0, #100]
  68:Core/Src/fdcan.c ****   hfdcan1.Init.TxElmtSize = FDCAN_DATA_BYTES_8;
 129              		.loc 1 68 3 is_stmt 1 view .LVU55
 130              		.loc 1 68 27 is_stmt 0 view .LVU56
 131 004a 8266     		str	r2, [r0, #104]
  69:Core/Src/fdcan.c ****   if (HAL_FDCAN_Init(&hfdcan1) != HAL_OK)
 132              		.loc 1 69 3 is_stmt 1 view .LVU57
 133              		.loc 1 69 7 is_stmt 0 view .LVU58
 134 004c FFF7FEFF 		bl	HAL_FDCAN_Init
 135              	.LVL0:
 136              		.loc 1 69 6 view .LVU59
 137 0050 00B9     		cbnz	r0, .L4
 138              	.L1:
  70:Core/Src/fdcan.c ****   {
  71:Core/Src/fdcan.c ****     Error_Handler();
  72:Core/Src/fdcan.c ****   }
  73:Core/Src/fdcan.c ****   /* USER CODE BEGIN FDCAN1_Init 2 */
  74:Core/Src/fdcan.c **** 
  75:Core/Src/fdcan.c ****   /* USER CODE END FDCAN1_Init 2 */
  76:Core/Src/fdcan.c **** 
  77:Core/Src/fdcan.c **** }
 139              		.loc 1 77 1 view .LVU60
 140 0052 38BD     		pop	{r3, r4, r5, pc}
 141              	.L4:
  71:Core/Src/fdcan.c ****   }
 142              		.loc 1 71 5 is_stmt 1 view .LVU61
 143 0054 FFF7FEFF 		bl	Error_Handler
 144              	.LVL1:
 145              		.loc 1 77 1 is_stmt 0 view .LVU62
 146 0058 FBE7     		b	.L1
 147              	.L6:
 148 005a 00BF     		.align	2
 149              	.L5:
 150 005c 00000000 		.word	.LANCHOR0
 151 0060 00A00040 		.word	1073782784
ARM GAS  C:\Users\Joknem\AppData\Local\Temp\ccgadaOX.s 			page 5


 152              		.cfi_endproc
 153              	.LFE185:
 155              		.section	.text.MX_FDCAN2_Init,"ax",%progbits
 156              		.align	1
 157              		.global	MX_FDCAN2_Init
 158              		.syntax unified
 159              		.thumb
 160              		.thumb_func
 161              		.fpu fpv5-d16
 163              	MX_FDCAN2_Init:
 164              	.LFB186:
  78:Core/Src/fdcan.c **** /* FDCAN2 init function */
  79:Core/Src/fdcan.c **** void MX_FDCAN2_Init(void)
  80:Core/Src/fdcan.c **** {
 165              		.loc 1 80 1 is_stmt 1 view -0
 166              		.cfi_startproc
 167              		@ args = 0, pretend = 0, frame = 0
 168              		@ frame_needed = 0, uses_anonymous_args = 0
 169 0000 38B5     		push	{r3, r4, r5, lr}
 170              	.LCFI1:
 171              		.cfi_def_cfa_offset 16
 172              		.cfi_offset 3, -16
 173              		.cfi_offset 4, -12
 174              		.cfi_offset 5, -8
 175              		.cfi_offset 14, -4
  81:Core/Src/fdcan.c **** 
  82:Core/Src/fdcan.c ****   /* USER CODE BEGIN FDCAN2_Init 0 */
  83:Core/Src/fdcan.c **** 
  84:Core/Src/fdcan.c ****   /* USER CODE END FDCAN2_Init 0 */
  85:Core/Src/fdcan.c **** 
  86:Core/Src/fdcan.c ****   /* USER CODE BEGIN FDCAN2_Init 1 */
  87:Core/Src/fdcan.c **** 
  88:Core/Src/fdcan.c ****   /* USER CODE END FDCAN2_Init 1 */
  89:Core/Src/fdcan.c ****   hfdcan2.Instance = FDCAN2;
 176              		.loc 1 89 3 view .LVU64
 177              		.loc 1 89 20 is_stmt 0 view .LVU65
 178 0002 1648     		ldr	r0, .L11
 179 0004 164B     		ldr	r3, .L11+4
 180 0006 0360     		str	r3, [r0]
  90:Core/Src/fdcan.c ****   hfdcan2.Init.FrameFormat = FDCAN_FRAME_CLASSIC;
 181              		.loc 1 90 3 is_stmt 1 view .LVU66
 182              		.loc 1 90 28 is_stmt 0 view .LVU67
 183 0008 0023     		movs	r3, #0
 184 000a 8360     		str	r3, [r0, #8]
  91:Core/Src/fdcan.c ****   hfdcan2.Init.Mode = FDCAN_MODE_NORMAL;
 185              		.loc 1 91 3 is_stmt 1 view .LVU68
 186              		.loc 1 91 21 is_stmt 0 view .LVU69
 187 000c C360     		str	r3, [r0, #12]
  92:Core/Src/fdcan.c ****   hfdcan2.Init.AutoRetransmission = DISABLE;
 188              		.loc 1 92 3 is_stmt 1 view .LVU70
 189              		.loc 1 92 35 is_stmt 0 view .LVU71
 190 000e 0374     		strb	r3, [r0, #16]
  93:Core/Src/fdcan.c ****   hfdcan2.Init.TransmitPause = DISABLE;
 191              		.loc 1 93 3 is_stmt 1 view .LVU72
 192              		.loc 1 93 30 is_stmt 0 view .LVU73
 193 0010 4374     		strb	r3, [r0, #17]
  94:Core/Src/fdcan.c ****   hfdcan2.Init.ProtocolException = DISABLE;
ARM GAS  C:\Users\Joknem\AppData\Local\Temp\ccgadaOX.s 			page 6


 194              		.loc 1 94 3 is_stmt 1 view .LVU74
 195              		.loc 1 94 34 is_stmt 0 view .LVU75
 196 0012 8374     		strb	r3, [r0, #18]
  95:Core/Src/fdcan.c ****   hfdcan2.Init.NominalPrescaler = 1;
 197              		.loc 1 95 3 is_stmt 1 view .LVU76
 198              		.loc 1 95 33 is_stmt 0 view .LVU77
 199 0014 0122     		movs	r2, #1
 200 0016 4261     		str	r2, [r0, #20]
  96:Core/Src/fdcan.c ****   hfdcan2.Init.NominalSyncJumpWidth = 8;
 201              		.loc 1 96 3 is_stmt 1 view .LVU78
 202              		.loc 1 96 37 is_stmt 0 view .LVU79
 203 0018 0825     		movs	r5, #8
 204 001a 8561     		str	r5, [r0, #24]
  97:Core/Src/fdcan.c ****   hfdcan2.Init.NominalTimeSeg1 = 14;
 205              		.loc 1 97 3 is_stmt 1 view .LVU80
 206              		.loc 1 97 32 is_stmt 0 view .LVU81
 207 001c 0E24     		movs	r4, #14
 208 001e C461     		str	r4, [r0, #28]
  98:Core/Src/fdcan.c ****   hfdcan2.Init.NominalTimeSeg2 = 5;
 209              		.loc 1 98 3 is_stmt 1 view .LVU82
 210              		.loc 1 98 32 is_stmt 0 view .LVU83
 211 0020 0521     		movs	r1, #5
 212 0022 0162     		str	r1, [r0, #32]
  99:Core/Src/fdcan.c ****   hfdcan2.Init.DataPrescaler = 1;
 213              		.loc 1 99 3 is_stmt 1 view .LVU84
 214              		.loc 1 99 30 is_stmt 0 view .LVU85
 215 0024 4262     		str	r2, [r0, #36]
 100:Core/Src/fdcan.c ****   hfdcan2.Init.DataSyncJumpWidth = 8;
 216              		.loc 1 100 3 is_stmt 1 view .LVU86
 217              		.loc 1 100 34 is_stmt 0 view .LVU87
 218 0026 8562     		str	r5, [r0, #40]
 101:Core/Src/fdcan.c ****   hfdcan2.Init.DataTimeSeg1 = 14;
 219              		.loc 1 101 3 is_stmt 1 view .LVU88
 220              		.loc 1 101 29 is_stmt 0 view .LVU89
 221 0028 C462     		str	r4, [r0, #44]
 102:Core/Src/fdcan.c ****   hfdcan2.Init.DataTimeSeg2 = 5;
 222              		.loc 1 102 3 is_stmt 1 view .LVU90
 223              		.loc 1 102 29 is_stmt 0 view .LVU91
 224 002a 0163     		str	r1, [r0, #48]
 103:Core/Src/fdcan.c ****   hfdcan2.Init.MessageRAMOffset = 0;
 225              		.loc 1 103 3 is_stmt 1 view .LVU92
 226              		.loc 1 103 33 is_stmt 0 view .LVU93
 227 002c 4363     		str	r3, [r0, #52]
 104:Core/Src/fdcan.c ****   hfdcan2.Init.StdFiltersNbr = 0;
 228              		.loc 1 104 3 is_stmt 1 view .LVU94
 229              		.loc 1 104 30 is_stmt 0 view .LVU95
 230 002e 8363     		str	r3, [r0, #56]
 105:Core/Src/fdcan.c ****   hfdcan2.Init.ExtFiltersNbr = 0;
 231              		.loc 1 105 3 is_stmt 1 view .LVU96
 232              		.loc 1 105 30 is_stmt 0 view .LVU97
 233 0030 C363     		str	r3, [r0, #60]
 106:Core/Src/fdcan.c ****   hfdcan2.Init.RxFifo0ElmtsNbr = 1;
 234              		.loc 1 106 3 is_stmt 1 view .LVU98
 235              		.loc 1 106 32 is_stmt 0 view .LVU99
 236 0032 0264     		str	r2, [r0, #64]
 107:Core/Src/fdcan.c ****   hfdcan2.Init.RxFifo0ElmtSize = FDCAN_DATA_BYTES_8;
 237              		.loc 1 107 3 is_stmt 1 view .LVU100
ARM GAS  C:\Users\Joknem\AppData\Local\Temp\ccgadaOX.s 			page 7


 238              		.loc 1 107 32 is_stmt 0 view .LVU101
 239 0034 0422     		movs	r2, #4
 240 0036 4264     		str	r2, [r0, #68]
 108:Core/Src/fdcan.c ****   hfdcan2.Init.RxFifo1ElmtsNbr = 0;
 241              		.loc 1 108 3 is_stmt 1 view .LVU102
 242              		.loc 1 108 32 is_stmt 0 view .LVU103
 243 0038 8364     		str	r3, [r0, #72]
 109:Core/Src/fdcan.c ****   hfdcan2.Init.RxFifo1ElmtSize = FDCAN_DATA_BYTES_8;
 244              		.loc 1 109 3 is_stmt 1 view .LVU104
 245              		.loc 1 109 32 is_stmt 0 view .LVU105
 246 003a C264     		str	r2, [r0, #76]
 110:Core/Src/fdcan.c ****   hfdcan2.Init.RxBuffersNbr = 0;
 247              		.loc 1 110 3 is_stmt 1 view .LVU106
 248              		.loc 1 110 29 is_stmt 0 view .LVU107
 249 003c 0365     		str	r3, [r0, #80]
 111:Core/Src/fdcan.c ****   hfdcan2.Init.RxBufferSize = FDCAN_DATA_BYTES_8;
 250              		.loc 1 111 3 is_stmt 1 view .LVU108
 251              		.loc 1 111 29 is_stmt 0 view .LVU109
 252 003e 4265     		str	r2, [r0, #84]
 112:Core/Src/fdcan.c ****   hfdcan2.Init.TxEventsNbr = 0;
 253              		.loc 1 112 3 is_stmt 1 view .LVU110
 254              		.loc 1 112 28 is_stmt 0 view .LVU111
 255 0040 8365     		str	r3, [r0, #88]
 113:Core/Src/fdcan.c ****   hfdcan2.Init.TxBuffersNbr = 6;
 256              		.loc 1 113 3 is_stmt 1 view .LVU112
 257              		.loc 1 113 29 is_stmt 0 view .LVU113
 258 0042 0621     		movs	r1, #6
 259 0044 C165     		str	r1, [r0, #92]
 114:Core/Src/fdcan.c ****   hfdcan2.Init.TxFifoQueueElmtsNbr = 6;
 260              		.loc 1 114 3 is_stmt 1 view .LVU114
 261              		.loc 1 114 36 is_stmt 0 view .LVU115
 262 0046 0166     		str	r1, [r0, #96]
 115:Core/Src/fdcan.c ****   hfdcan2.Init.TxFifoQueueMode = FDCAN_TX_FIFO_OPERATION;
 263              		.loc 1 115 3 is_stmt 1 view .LVU116
 264              		.loc 1 115 32 is_stmt 0 view .LVU117
 265 0048 4366     		str	r3, [r0, #100]
 116:Core/Src/fdcan.c ****   hfdcan2.Init.TxElmtSize = FDCAN_DATA_BYTES_8;
 266              		.loc 1 116 3 is_stmt 1 view .LVU118
 267              		.loc 1 116 27 is_stmt 0 view .LVU119
 268 004a 8266     		str	r2, [r0, #104]
 117:Core/Src/fdcan.c ****   if (HAL_FDCAN_Init(&hfdcan2) != HAL_OK)
 269              		.loc 1 117 3 is_stmt 1 view .LVU120
 270              		.loc 1 117 7 is_stmt 0 view .LVU121
 271 004c FFF7FEFF 		bl	HAL_FDCAN_Init
 272              	.LVL2:
 273              		.loc 1 117 6 view .LVU122
 274 0050 00B9     		cbnz	r0, .L10
 275              	.L7:
 118:Core/Src/fdcan.c ****   {
 119:Core/Src/fdcan.c ****     Error_Handler();
 120:Core/Src/fdcan.c ****   }
 121:Core/Src/fdcan.c ****   /* USER CODE BEGIN FDCAN2_Init 2 */
 122:Core/Src/fdcan.c **** 
 123:Core/Src/fdcan.c ****   /* USER CODE END FDCAN2_Init 2 */
 124:Core/Src/fdcan.c **** 
 125:Core/Src/fdcan.c **** }
 276              		.loc 1 125 1 view .LVU123
ARM GAS  C:\Users\Joknem\AppData\Local\Temp\ccgadaOX.s 			page 8


 277 0052 38BD     		pop	{r3, r4, r5, pc}
 278              	.L10:
 119:Core/Src/fdcan.c ****   }
 279              		.loc 1 119 5 is_stmt 1 view .LVU124
 280 0054 FFF7FEFF 		bl	Error_Handler
 281              	.LVL3:
 282              		.loc 1 125 1 is_stmt 0 view .LVU125
 283 0058 FBE7     		b	.L7
 284              	.L12:
 285 005a 00BF     		.align	2
 286              	.L11:
 287 005c 00000000 		.word	.LANCHOR1
 288 0060 00A40040 		.word	1073783808
 289              		.cfi_endproc
 290              	.LFE186:
 292              		.section	.text.HAL_FDCAN_MspInit,"ax",%progbits
 293              		.align	1
 294              		.global	HAL_FDCAN_MspInit
 295              		.syntax unified
 296              		.thumb
 297              		.thumb_func
 298              		.fpu fpv5-d16
 300              	HAL_FDCAN_MspInit:
 301              	.LVL4:
 302              	.LFB187:
 126:Core/Src/fdcan.c **** 
 127:Core/Src/fdcan.c **** static uint32_t HAL_RCC_FDCAN_CLK_ENABLED=0;
 128:Core/Src/fdcan.c **** 
 129:Core/Src/fdcan.c **** void HAL_FDCAN_MspInit(FDCAN_HandleTypeDef* fdcanHandle)
 130:Core/Src/fdcan.c **** {
 303              		.loc 1 130 1 is_stmt 1 view -0
 304              		.cfi_startproc
 305              		@ args = 0, pretend = 0, frame = 224
 306              		@ frame_needed = 0, uses_anonymous_args = 0
 307              		.loc 1 130 1 is_stmt 0 view .LVU127
 308 0000 10B5     		push	{r4, lr}
 309              	.LCFI2:
 310              		.cfi_def_cfa_offset 8
 311              		.cfi_offset 4, -8
 312              		.cfi_offset 14, -4
 313 0002 B8B0     		sub	sp, sp, #224
 314              	.LCFI3:
 315              		.cfi_def_cfa_offset 232
 316 0004 0446     		mov	r4, r0
 131:Core/Src/fdcan.c **** 
 132:Core/Src/fdcan.c ****   GPIO_InitTypeDef GPIO_InitStruct = {0};
 317              		.loc 1 132 3 is_stmt 1 view .LVU128
 318              		.loc 1 132 20 is_stmt 0 view .LVU129
 319 0006 0021     		movs	r1, #0
 320 0008 3391     		str	r1, [sp, #204]
 321 000a 3491     		str	r1, [sp, #208]
 322 000c 3591     		str	r1, [sp, #212]
 323 000e 3691     		str	r1, [sp, #216]
 324 0010 3791     		str	r1, [sp, #220]
 133:Core/Src/fdcan.c ****   RCC_PeriphCLKInitTypeDef PeriphClkInitStruct = {0};
 325              		.loc 1 133 3 is_stmt 1 view .LVU130
 326              		.loc 1 133 28 is_stmt 0 view .LVU131
ARM GAS  C:\Users\Joknem\AppData\Local\Temp\ccgadaOX.s 			page 9


 327 0012 BC22     		movs	r2, #188
 328 0014 04A8     		add	r0, sp, #16
 329              	.LVL5:
 330              		.loc 1 133 28 view .LVU132
 331 0016 FFF7FEFF 		bl	memset
 332              	.LVL6:
 134:Core/Src/fdcan.c ****   if(fdcanHandle->Instance==FDCAN1)
 333              		.loc 1 134 3 is_stmt 1 view .LVU133
 334              		.loc 1 134 17 is_stmt 0 view .LVU134
 335 001a 2368     		ldr	r3, [r4]
 336              		.loc 1 134 5 view .LVU135
 337 001c 484A     		ldr	r2, .L27
 338 001e 9342     		cmp	r3, r2
 339 0020 04D0     		beq	.L21
 135:Core/Src/fdcan.c ****   {
 136:Core/Src/fdcan.c ****   /* USER CODE BEGIN FDCAN1_MspInit 0 */
 137:Core/Src/fdcan.c **** 
 138:Core/Src/fdcan.c ****   /* USER CODE END FDCAN1_MspInit 0 */
 139:Core/Src/fdcan.c ****   /** Initializes the peripherals clock
 140:Core/Src/fdcan.c ****   */
 141:Core/Src/fdcan.c ****     PeriphClkInitStruct.PeriphClockSelection = RCC_PERIPHCLK_FDCAN;
 142:Core/Src/fdcan.c ****     PeriphClkInitStruct.FdcanClockSelection = RCC_FDCANCLKSOURCE_PLL;
 143:Core/Src/fdcan.c ****     if (HAL_RCCEx_PeriphCLKConfig(&PeriphClkInitStruct) != HAL_OK)
 144:Core/Src/fdcan.c ****     {
 145:Core/Src/fdcan.c ****       Error_Handler();
 146:Core/Src/fdcan.c ****     }
 147:Core/Src/fdcan.c **** 
 148:Core/Src/fdcan.c ****     /* FDCAN1 clock enable */
 149:Core/Src/fdcan.c ****     HAL_RCC_FDCAN_CLK_ENABLED++;
 150:Core/Src/fdcan.c ****     if(HAL_RCC_FDCAN_CLK_ENABLED==1){
 151:Core/Src/fdcan.c ****       __HAL_RCC_FDCAN_CLK_ENABLE();
 152:Core/Src/fdcan.c ****     }
 153:Core/Src/fdcan.c **** 
 154:Core/Src/fdcan.c ****     __HAL_RCC_GPIOD_CLK_ENABLE();
 155:Core/Src/fdcan.c ****     /**FDCAN1 GPIO Configuration
 156:Core/Src/fdcan.c ****     PD0     ------> FDCAN1_RX
 157:Core/Src/fdcan.c ****     PD1     ------> FDCAN1_TX
 158:Core/Src/fdcan.c ****     */
 159:Core/Src/fdcan.c ****     GPIO_InitStruct.Pin = GPIO_PIN_0|GPIO_PIN_1;
 160:Core/Src/fdcan.c ****     GPIO_InitStruct.Mode = GPIO_MODE_AF_PP;
 161:Core/Src/fdcan.c ****     GPIO_InitStruct.Pull = GPIO_NOPULL;
 162:Core/Src/fdcan.c ****     GPIO_InitStruct.Speed = GPIO_SPEED_FREQ_LOW;
 163:Core/Src/fdcan.c ****     GPIO_InitStruct.Alternate = GPIO_AF9_FDCAN1;
 164:Core/Src/fdcan.c ****     HAL_GPIO_Init(GPIOD, &GPIO_InitStruct);
 165:Core/Src/fdcan.c **** 
 166:Core/Src/fdcan.c ****     /* FDCAN1 interrupt Init */
 167:Core/Src/fdcan.c ****     HAL_NVIC_SetPriority(FDCAN1_IT0_IRQn, 5, 0);
 168:Core/Src/fdcan.c ****     HAL_NVIC_EnableIRQ(FDCAN1_IT0_IRQn);
 169:Core/Src/fdcan.c ****   /* USER CODE BEGIN FDCAN1_MspInit 1 */
 170:Core/Src/fdcan.c **** 
 171:Core/Src/fdcan.c ****   /* USER CODE END FDCAN1_MspInit 1 */
 172:Core/Src/fdcan.c ****   }
 173:Core/Src/fdcan.c ****   else if(fdcanHandle->Instance==FDCAN2)
 340              		.loc 1 173 8 is_stmt 1 view .LVU136
 341              		.loc 1 173 10 is_stmt 0 view .LVU137
 342 0022 484A     		ldr	r2, .L27+4
 343 0024 9342     		cmp	r3, r2
ARM GAS  C:\Users\Joknem\AppData\Local\Temp\ccgadaOX.s 			page 10


 344 0026 45D0     		beq	.L22
 345              	.LVL7:
 346              	.L13:
 174:Core/Src/fdcan.c ****   {
 175:Core/Src/fdcan.c ****   /* USER CODE BEGIN FDCAN2_MspInit 0 */
 176:Core/Src/fdcan.c **** 
 177:Core/Src/fdcan.c ****   /* USER CODE END FDCAN2_MspInit 0 */
 178:Core/Src/fdcan.c **** 
 179:Core/Src/fdcan.c ****   /** Initializes the peripherals clock
 180:Core/Src/fdcan.c ****   */
 181:Core/Src/fdcan.c ****     PeriphClkInitStruct.PeriphClockSelection = RCC_PERIPHCLK_FDCAN;
 182:Core/Src/fdcan.c ****     PeriphClkInitStruct.FdcanClockSelection = RCC_FDCANCLKSOURCE_PLL;
 183:Core/Src/fdcan.c ****     if (HAL_RCCEx_PeriphCLKConfig(&PeriphClkInitStruct) != HAL_OK)
 184:Core/Src/fdcan.c ****     {
 185:Core/Src/fdcan.c ****       Error_Handler();
 186:Core/Src/fdcan.c ****     }
 187:Core/Src/fdcan.c **** 
 188:Core/Src/fdcan.c ****     /* FDCAN2 clock enable */
 189:Core/Src/fdcan.c ****     HAL_RCC_FDCAN_CLK_ENABLED++;
 190:Core/Src/fdcan.c ****     if(HAL_RCC_FDCAN_CLK_ENABLED==1){
 191:Core/Src/fdcan.c ****       __HAL_RCC_FDCAN_CLK_ENABLE();
 192:Core/Src/fdcan.c ****     }
 193:Core/Src/fdcan.c **** 
 194:Core/Src/fdcan.c ****     __HAL_RCC_GPIOB_CLK_ENABLE();
 195:Core/Src/fdcan.c ****     /**FDCAN2 GPIO Configuration
 196:Core/Src/fdcan.c ****     PB12     ------> FDCAN2_RX
 197:Core/Src/fdcan.c ****     PB13     ------> FDCAN2_TX
 198:Core/Src/fdcan.c ****     */
 199:Core/Src/fdcan.c ****     GPIO_InitStruct.Pin = GPIO_PIN_12|GPIO_PIN_13;
 200:Core/Src/fdcan.c ****     GPIO_InitStruct.Mode = GPIO_MODE_AF_PP;
 201:Core/Src/fdcan.c ****     GPIO_InitStruct.Pull = GPIO_NOPULL;
 202:Core/Src/fdcan.c ****     GPIO_InitStruct.Speed = GPIO_SPEED_FREQ_LOW;
 203:Core/Src/fdcan.c ****     GPIO_InitStruct.Alternate = GPIO_AF9_FDCAN2;
 204:Core/Src/fdcan.c ****     HAL_GPIO_Init(GPIOB, &GPIO_InitStruct);
 205:Core/Src/fdcan.c **** 
 206:Core/Src/fdcan.c ****     /* FDCAN2 interrupt Init */
 207:Core/Src/fdcan.c ****     HAL_NVIC_SetPriority(FDCAN2_IT0_IRQn, 5, 0);
 208:Core/Src/fdcan.c ****     HAL_NVIC_EnableIRQ(FDCAN2_IT0_IRQn);
 209:Core/Src/fdcan.c ****   /* USER CODE BEGIN FDCAN2_MspInit 1 */
 210:Core/Src/fdcan.c **** 
 211:Core/Src/fdcan.c ****   /* USER CODE END FDCAN2_MspInit 1 */
 212:Core/Src/fdcan.c ****   }
 213:Core/Src/fdcan.c **** }
 347              		.loc 1 213 1 view .LVU138
 348 0028 38B0     		add	sp, sp, #224
 349              	.LCFI4:
 350              		.cfi_remember_state
 351              		.cfi_def_cfa_offset 8
 352              		@ sp needed
 353 002a 10BD     		pop	{r4, pc}
 354              	.LVL8:
 355              	.L21:
 356              	.LCFI5:
 357              		.cfi_restore_state
 141:Core/Src/fdcan.c ****     PeriphClkInitStruct.FdcanClockSelection = RCC_FDCANCLKSOURCE_PLL;
 358              		.loc 1 141 5 is_stmt 1 view .LVU139
 141:Core/Src/fdcan.c ****     PeriphClkInitStruct.FdcanClockSelection = RCC_FDCANCLKSOURCE_PLL;
ARM GAS  C:\Users\Joknem\AppData\Local\Temp\ccgadaOX.s 			page 11


 359              		.loc 1 141 46 is_stmt 0 view .LVU140
 360 002c 4FF40043 		mov	r3, #32768
 361 0030 0493     		str	r3, [sp, #16]
 142:Core/Src/fdcan.c ****     if (HAL_RCCEx_PeriphCLKConfig(&PeriphClkInitStruct) != HAL_OK)
 362              		.loc 1 142 5 is_stmt 1 view .LVU141
 142:Core/Src/fdcan.c ****     if (HAL_RCCEx_PeriphCLKConfig(&PeriphClkInitStruct) != HAL_OK)
 363              		.loc 1 142 45 is_stmt 0 view .LVU142
 364 0032 4FF08053 		mov	r3, #268435456
 365 0036 1F93     		str	r3, [sp, #124]
 143:Core/Src/fdcan.c ****     {
 366              		.loc 1 143 5 is_stmt 1 view .LVU143
 143:Core/Src/fdcan.c ****     {
 367              		.loc 1 143 9 is_stmt 0 view .LVU144
 368 0038 04A8     		add	r0, sp, #16
 369 003a FFF7FEFF 		bl	HAL_RCCEx_PeriphCLKConfig
 370              	.LVL9:
 143:Core/Src/fdcan.c ****     {
 371              		.loc 1 143 8 view .LVU145
 372 003e 40BB     		cbnz	r0, .L23
 373              	.L15:
 149:Core/Src/fdcan.c ****     if(HAL_RCC_FDCAN_CLK_ENABLED==1){
 374              		.loc 1 149 5 is_stmt 1 view .LVU146
 149:Core/Src/fdcan.c ****     if(HAL_RCC_FDCAN_CLK_ENABLED==1){
 375              		.loc 1 149 30 is_stmt 0 view .LVU147
 376 0040 414A     		ldr	r2, .L27+8
 377 0042 1368     		ldr	r3, [r2]
 378 0044 0133     		adds	r3, r3, #1
 379 0046 1360     		str	r3, [r2]
 150:Core/Src/fdcan.c ****       __HAL_RCC_FDCAN_CLK_ENABLE();
 380              		.loc 1 150 5 is_stmt 1 view .LVU148
 150:Core/Src/fdcan.c ****       __HAL_RCC_FDCAN_CLK_ENABLE();
 381              		.loc 1 150 7 is_stmt 0 view .LVU149
 382 0048 012B     		cmp	r3, #1
 383 004a 25D0     		beq	.L24
 384              	.L16:
 151:Core/Src/fdcan.c ****     }
 385              		.loc 1 151 7 is_stmt 1 discriminator 1 view .LVU150
 154:Core/Src/fdcan.c ****     /**FDCAN1 GPIO Configuration
 386              		.loc 1 154 5 discriminator 1 view .LVU151
 387              	.LBB2:
 154:Core/Src/fdcan.c ****     /**FDCAN1 GPIO Configuration
 388              		.loc 1 154 5 discriminator 1 view .LVU152
 154:Core/Src/fdcan.c ****     /**FDCAN1 GPIO Configuration
 389              		.loc 1 154 5 discriminator 1 view .LVU153
 390 004c 3F4B     		ldr	r3, .L27+12
 391 004e D3F8E020 		ldr	r2, [r3, #224]
 392 0052 42F00802 		orr	r2, r2, #8
 393 0056 C3F8E020 		str	r2, [r3, #224]
 154:Core/Src/fdcan.c ****     /**FDCAN1 GPIO Configuration
 394              		.loc 1 154 5 discriminator 1 view .LVU154
 395 005a D3F8E030 		ldr	r3, [r3, #224]
 396 005e 03F00803 		and	r3, r3, #8
 397 0062 0193     		str	r3, [sp, #4]
 154:Core/Src/fdcan.c ****     /**FDCAN1 GPIO Configuration
 398              		.loc 1 154 5 discriminator 1 view .LVU155
 399 0064 019B     		ldr	r3, [sp, #4]
 400              	.LBE2:
ARM GAS  C:\Users\Joknem\AppData\Local\Temp\ccgadaOX.s 			page 12


 154:Core/Src/fdcan.c ****     /**FDCAN1 GPIO Configuration
 401              		.loc 1 154 5 discriminator 1 view .LVU156
 159:Core/Src/fdcan.c ****     GPIO_InitStruct.Mode = GPIO_MODE_AF_PP;
 402              		.loc 1 159 5 discriminator 1 view .LVU157
 159:Core/Src/fdcan.c ****     GPIO_InitStruct.Mode = GPIO_MODE_AF_PP;
 403              		.loc 1 159 25 is_stmt 0 discriminator 1 view .LVU158
 404 0066 0323     		movs	r3, #3
 405 0068 3393     		str	r3, [sp, #204]
 160:Core/Src/fdcan.c ****     GPIO_InitStruct.Pull = GPIO_NOPULL;
 406              		.loc 1 160 5 is_stmt 1 discriminator 1 view .LVU159
 160:Core/Src/fdcan.c ****     GPIO_InitStruct.Pull = GPIO_NOPULL;
 407              		.loc 1 160 26 is_stmt 0 discriminator 1 view .LVU160
 408 006a 0223     		movs	r3, #2
 409 006c 3493     		str	r3, [sp, #208]
 161:Core/Src/fdcan.c ****     GPIO_InitStruct.Speed = GPIO_SPEED_FREQ_LOW;
 410              		.loc 1 161 5 is_stmt 1 discriminator 1 view .LVU161
 161:Core/Src/fdcan.c ****     GPIO_InitStruct.Speed = GPIO_SPEED_FREQ_LOW;
 411              		.loc 1 161 26 is_stmt 0 discriminator 1 view .LVU162
 412 006e 0024     		movs	r4, #0
 413              	.LVL10:
 161:Core/Src/fdcan.c ****     GPIO_InitStruct.Speed = GPIO_SPEED_FREQ_LOW;
 414              		.loc 1 161 26 discriminator 1 view .LVU163
 415 0070 3594     		str	r4, [sp, #212]
 162:Core/Src/fdcan.c ****     GPIO_InitStruct.Alternate = GPIO_AF9_FDCAN1;
 416              		.loc 1 162 5 is_stmt 1 discriminator 1 view .LVU164
 162:Core/Src/fdcan.c ****     GPIO_InitStruct.Alternate = GPIO_AF9_FDCAN1;
 417              		.loc 1 162 27 is_stmt 0 discriminator 1 view .LVU165
 418 0072 3694     		str	r4, [sp, #216]
 163:Core/Src/fdcan.c ****     HAL_GPIO_Init(GPIOD, &GPIO_InitStruct);
 419              		.loc 1 163 5 is_stmt 1 discriminator 1 view .LVU166
 163:Core/Src/fdcan.c ****     HAL_GPIO_Init(GPIOD, &GPIO_InitStruct);
 420              		.loc 1 163 31 is_stmt 0 discriminator 1 view .LVU167
 421 0074 0923     		movs	r3, #9
 422 0076 3793     		str	r3, [sp, #220]
 164:Core/Src/fdcan.c **** 
 423              		.loc 1 164 5 is_stmt 1 discriminator 1 view .LVU168
 424 0078 33A9     		add	r1, sp, #204
 425 007a 3548     		ldr	r0, .L27+16
 426 007c FFF7FEFF 		bl	HAL_GPIO_Init
 427              	.LVL11:
 167:Core/Src/fdcan.c ****     HAL_NVIC_EnableIRQ(FDCAN1_IT0_IRQn);
 428              		.loc 1 167 5 discriminator 1 view .LVU169
 429 0080 2246     		mov	r2, r4
 430 0082 0521     		movs	r1, #5
 431 0084 1320     		movs	r0, #19
 432 0086 FFF7FEFF 		bl	HAL_NVIC_SetPriority
 433              	.LVL12:
 168:Core/Src/fdcan.c ****   /* USER CODE BEGIN FDCAN1_MspInit 1 */
 434              		.loc 1 168 5 discriminator 1 view .LVU170
 435 008a 1320     		movs	r0, #19
 436 008c FFF7FEFF 		bl	HAL_NVIC_EnableIRQ
 437              	.LVL13:
 438 0090 CAE7     		b	.L13
 439              	.LVL14:
 440              	.L23:
 145:Core/Src/fdcan.c ****     }
 441              		.loc 1 145 7 view .LVU171
ARM GAS  C:\Users\Joknem\AppData\Local\Temp\ccgadaOX.s 			page 13


 442 0092 FFF7FEFF 		bl	Error_Handler
 443              	.LVL15:
 444 0096 D3E7     		b	.L15
 445              	.L24:
 151:Core/Src/fdcan.c ****     }
 446              		.loc 1 151 7 view .LVU172
 447              	.LBB3:
 151:Core/Src/fdcan.c ****     }
 448              		.loc 1 151 7 view .LVU173
 151:Core/Src/fdcan.c ****     }
 449              		.loc 1 151 7 view .LVU174
 450 0098 2C4B     		ldr	r3, .L27+12
 451 009a D3F8EC20 		ldr	r2, [r3, #236]
 452 009e 42F48072 		orr	r2, r2, #256
 453 00a2 C3F8EC20 		str	r2, [r3, #236]
 151:Core/Src/fdcan.c ****     }
 454              		.loc 1 151 7 view .LVU175
 455 00a6 D3F8EC30 		ldr	r3, [r3, #236]
 456 00aa 03F48073 		and	r3, r3, #256
 457 00ae 0093     		str	r3, [sp]
 151:Core/Src/fdcan.c ****     }
 458              		.loc 1 151 7 view .LVU176
 459 00b0 009B     		ldr	r3, [sp]
 460 00b2 CBE7     		b	.L16
 461              	.L22:
 462              	.LBE3:
 181:Core/Src/fdcan.c ****     PeriphClkInitStruct.FdcanClockSelection = RCC_FDCANCLKSOURCE_PLL;
 463              		.loc 1 181 5 view .LVU177
 181:Core/Src/fdcan.c ****     PeriphClkInitStruct.FdcanClockSelection = RCC_FDCANCLKSOURCE_PLL;
 464              		.loc 1 181 46 is_stmt 0 view .LVU178
 465 00b4 4FF40043 		mov	r3, #32768
 466 00b8 0493     		str	r3, [sp, #16]
 182:Core/Src/fdcan.c ****     if (HAL_RCCEx_PeriphCLKConfig(&PeriphClkInitStruct) != HAL_OK)
 467              		.loc 1 182 5 is_stmt 1 view .LVU179
 182:Core/Src/fdcan.c ****     if (HAL_RCCEx_PeriphCLKConfig(&PeriphClkInitStruct) != HAL_OK)
 468              		.loc 1 182 45 is_stmt 0 view .LVU180
 469 00ba 4FF08053 		mov	r3, #268435456
 470 00be 1F93     		str	r3, [sp, #124]
 183:Core/Src/fdcan.c ****     {
 471              		.loc 1 183 5 is_stmt 1 view .LVU181
 183:Core/Src/fdcan.c ****     {
 472              		.loc 1 183 9 is_stmt 0 view .LVU182
 473 00c0 04A8     		add	r0, sp, #16
 474 00c2 FFF7FEFF 		bl	HAL_RCCEx_PeriphCLKConfig
 475              	.LVL16:
 183:Core/Src/fdcan.c ****     {
 476              		.loc 1 183 8 view .LVU183
 477 00c6 48BB     		cbnz	r0, .L25
 478              	.L18:
 189:Core/Src/fdcan.c ****     if(HAL_RCC_FDCAN_CLK_ENABLED==1){
 479              		.loc 1 189 5 is_stmt 1 view .LVU184
 189:Core/Src/fdcan.c ****     if(HAL_RCC_FDCAN_CLK_ENABLED==1){
 480              		.loc 1 189 30 is_stmt 0 view .LVU185
 481 00c8 1F4A     		ldr	r2, .L27+8
 482 00ca 1368     		ldr	r3, [r2]
 483 00cc 0133     		adds	r3, r3, #1
 484 00ce 1360     		str	r3, [r2]
ARM GAS  C:\Users\Joknem\AppData\Local\Temp\ccgadaOX.s 			page 14


 190:Core/Src/fdcan.c ****       __HAL_RCC_FDCAN_CLK_ENABLE();
 485              		.loc 1 190 5 is_stmt 1 view .LVU186
 190:Core/Src/fdcan.c ****       __HAL_RCC_FDCAN_CLK_ENABLE();
 486              		.loc 1 190 7 is_stmt 0 view .LVU187
 487 00d0 012B     		cmp	r3, #1
 488 00d2 26D0     		beq	.L26
 489              	.L19:
 191:Core/Src/fdcan.c ****     }
 490              		.loc 1 191 7 is_stmt 1 discriminator 1 view .LVU188
 194:Core/Src/fdcan.c ****     /**FDCAN2 GPIO Configuration
 491              		.loc 1 194 5 discriminator 1 view .LVU189
 492              	.LBB4:
 194:Core/Src/fdcan.c ****     /**FDCAN2 GPIO Configuration
 493              		.loc 1 194 5 discriminator 1 view .LVU190
 194:Core/Src/fdcan.c ****     /**FDCAN2 GPIO Configuration
 494              		.loc 1 194 5 discriminator 1 view .LVU191
 495 00d4 1D4B     		ldr	r3, .L27+12
 496 00d6 D3F8E020 		ldr	r2, [r3, #224]
 497 00da 42F00202 		orr	r2, r2, #2
 498 00de C3F8E020 		str	r2, [r3, #224]
 194:Core/Src/fdcan.c ****     /**FDCAN2 GPIO Configuration
 499              		.loc 1 194 5 discriminator 1 view .LVU192
 500 00e2 D3F8E030 		ldr	r3, [r3, #224]
 501 00e6 03F00203 		and	r3, r3, #2
 502 00ea 0393     		str	r3, [sp, #12]
 194:Core/Src/fdcan.c ****     /**FDCAN2 GPIO Configuration
 503              		.loc 1 194 5 discriminator 1 view .LVU193
 504 00ec 039B     		ldr	r3, [sp, #12]
 505              	.LBE4:
 194:Core/Src/fdcan.c ****     /**FDCAN2 GPIO Configuration
 506              		.loc 1 194 5 discriminator 1 view .LVU194
 199:Core/Src/fdcan.c ****     GPIO_InitStruct.Mode = GPIO_MODE_AF_PP;
 507              		.loc 1 199 5 discriminator 1 view .LVU195
 199:Core/Src/fdcan.c ****     GPIO_InitStruct.Mode = GPIO_MODE_AF_PP;
 508              		.loc 1 199 25 is_stmt 0 discriminator 1 view .LVU196
 509 00ee 4FF44053 		mov	r3, #12288
 510 00f2 3393     		str	r3, [sp, #204]
 200:Core/Src/fdcan.c ****     GPIO_InitStruct.Pull = GPIO_NOPULL;
 511              		.loc 1 200 5 is_stmt 1 discriminator 1 view .LVU197
 200:Core/Src/fdcan.c ****     GPIO_InitStruct.Pull = GPIO_NOPULL;
 512              		.loc 1 200 26 is_stmt 0 discriminator 1 view .LVU198
 513 00f4 0223     		movs	r3, #2
 514 00f6 3493     		str	r3, [sp, #208]
 201:Core/Src/fdcan.c ****     GPIO_InitStruct.Speed = GPIO_SPEED_FREQ_LOW;
 515              		.loc 1 201 5 is_stmt 1 discriminator 1 view .LVU199
 201:Core/Src/fdcan.c ****     GPIO_InitStruct.Speed = GPIO_SPEED_FREQ_LOW;
 516              		.loc 1 201 26 is_stmt 0 discriminator 1 view .LVU200
 517 00f8 0024     		movs	r4, #0
 518              	.LVL17:
 201:Core/Src/fdcan.c ****     GPIO_InitStruct.Speed = GPIO_SPEED_FREQ_LOW;
 519              		.loc 1 201 26 discriminator 1 view .LVU201
 520 00fa 3594     		str	r4, [sp, #212]
 202:Core/Src/fdcan.c ****     GPIO_InitStruct.Alternate = GPIO_AF9_FDCAN2;
 521              		.loc 1 202 5 is_stmt 1 discriminator 1 view .LVU202
 202:Core/Src/fdcan.c ****     GPIO_InitStruct.Alternate = GPIO_AF9_FDCAN2;
 522              		.loc 1 202 27 is_stmt 0 discriminator 1 view .LVU203
 523 00fc 3694     		str	r4, [sp, #216]
ARM GAS  C:\Users\Joknem\AppData\Local\Temp\ccgadaOX.s 			page 15


 203:Core/Src/fdcan.c ****     HAL_GPIO_Init(GPIOB, &GPIO_InitStruct);
 524              		.loc 1 203 5 is_stmt 1 discriminator 1 view .LVU204
 203:Core/Src/fdcan.c ****     HAL_GPIO_Init(GPIOB, &GPIO_InitStruct);
 525              		.loc 1 203 31 is_stmt 0 discriminator 1 view .LVU205
 526 00fe 0923     		movs	r3, #9
 527 0100 3793     		str	r3, [sp, #220]
 204:Core/Src/fdcan.c **** 
 528              		.loc 1 204 5 is_stmt 1 discriminator 1 view .LVU206
 529 0102 33A9     		add	r1, sp, #204
 530 0104 1348     		ldr	r0, .L27+20
 531 0106 FFF7FEFF 		bl	HAL_GPIO_Init
 532              	.LVL18:
 207:Core/Src/fdcan.c ****     HAL_NVIC_EnableIRQ(FDCAN2_IT0_IRQn);
 533              		.loc 1 207 5 discriminator 1 view .LVU207
 534 010a 2246     		mov	r2, r4
 535 010c 0521     		movs	r1, #5
 536 010e 1420     		movs	r0, #20
 537 0110 FFF7FEFF 		bl	HAL_NVIC_SetPriority
 538              	.LVL19:
 208:Core/Src/fdcan.c ****   /* USER CODE BEGIN FDCAN2_MspInit 1 */
 539              		.loc 1 208 5 discriminator 1 view .LVU208
 540 0114 1420     		movs	r0, #20
 541 0116 FFF7FEFF 		bl	HAL_NVIC_EnableIRQ
 542              	.LVL20:
 543              		.loc 1 213 1 is_stmt 0 discriminator 1 view .LVU209
 544 011a 85E7     		b	.L13
 545              	.LVL21:
 546              	.L25:
 185:Core/Src/fdcan.c ****     }
 547              		.loc 1 185 7 is_stmt 1 view .LVU210
 548 011c FFF7FEFF 		bl	Error_Handler
 549              	.LVL22:
 550 0120 D2E7     		b	.L18
 551              	.L26:
 191:Core/Src/fdcan.c ****     }
 552              		.loc 1 191 7 view .LVU211
 553              	.LBB5:
 191:Core/Src/fdcan.c ****     }
 554              		.loc 1 191 7 view .LVU212
 191:Core/Src/fdcan.c ****     }
 555              		.loc 1 191 7 view .LVU213
 556 0122 0A4B     		ldr	r3, .L27+12
 557 0124 D3F8EC20 		ldr	r2, [r3, #236]
 558 0128 42F48072 		orr	r2, r2, #256
 559 012c C3F8EC20 		str	r2, [r3, #236]
 191:Core/Src/fdcan.c ****     }
 560              		.loc 1 191 7 view .LVU214
 561 0130 D3F8EC30 		ldr	r3, [r3, #236]
 562 0134 03F48073 		and	r3, r3, #256
 563 0138 0293     		str	r3, [sp, #8]
 191:Core/Src/fdcan.c ****     }
 564              		.loc 1 191 7 view .LVU215
 565 013a 029B     		ldr	r3, [sp, #8]
 566 013c CAE7     		b	.L19
 567              	.L28:
 568 013e 00BF     		.align	2
 569              	.L27:
ARM GAS  C:\Users\Joknem\AppData\Local\Temp\ccgadaOX.s 			page 16


 570 0140 00A00040 		.word	1073782784
 571 0144 00A40040 		.word	1073783808
 572 0148 00000000 		.word	.LANCHOR2
 573 014c 00440258 		.word	1476543488
 574 0150 000C0258 		.word	1476529152
 575 0154 00040258 		.word	1476527104
 576              	.LBE5:
 577              		.cfi_endproc
 578              	.LFE187:
 580              		.section	.text.HAL_FDCAN_MspDeInit,"ax",%progbits
 581              		.align	1
 582              		.global	HAL_FDCAN_MspDeInit
 583              		.syntax unified
 584              		.thumb
 585              		.thumb_func
 586              		.fpu fpv5-d16
 588              	HAL_FDCAN_MspDeInit:
 589              	.LVL23:
 590              	.LFB188:
 214:Core/Src/fdcan.c **** 
 215:Core/Src/fdcan.c **** void HAL_FDCAN_MspDeInit(FDCAN_HandleTypeDef* fdcanHandle)
 216:Core/Src/fdcan.c **** {
 591              		.loc 1 216 1 view -0
 592              		.cfi_startproc
 593              		@ args = 0, pretend = 0, frame = 0
 594              		@ frame_needed = 0, uses_anonymous_args = 0
 595              		.loc 1 216 1 is_stmt 0 view .LVU217
 596 0000 08B5     		push	{r3, lr}
 597              	.LCFI6:
 598              		.cfi_def_cfa_offset 8
 599              		.cfi_offset 3, -8
 600              		.cfi_offset 14, -4
 217:Core/Src/fdcan.c **** 
 218:Core/Src/fdcan.c ****   if(fdcanHandle->Instance==FDCAN1)
 601              		.loc 1 218 3 is_stmt 1 view .LVU218
 602              		.loc 1 218 17 is_stmt 0 view .LVU219
 603 0002 0368     		ldr	r3, [r0]
 604              		.loc 1 218 5 view .LVU220
 605 0004 174A     		ldr	r2, .L37
 606 0006 9342     		cmp	r3, r2
 607 0008 03D0     		beq	.L35
 219:Core/Src/fdcan.c ****   {
 220:Core/Src/fdcan.c ****   /* USER CODE BEGIN FDCAN1_MspDeInit 0 */
 221:Core/Src/fdcan.c **** 
 222:Core/Src/fdcan.c ****   /* USER CODE END FDCAN1_MspDeInit 0 */
 223:Core/Src/fdcan.c ****     /* Peripheral clock disable */
 224:Core/Src/fdcan.c ****     HAL_RCC_FDCAN_CLK_ENABLED--;
 225:Core/Src/fdcan.c ****     if(HAL_RCC_FDCAN_CLK_ENABLED==0){
 226:Core/Src/fdcan.c ****       __HAL_RCC_FDCAN_CLK_DISABLE();
 227:Core/Src/fdcan.c ****     }
 228:Core/Src/fdcan.c **** 
 229:Core/Src/fdcan.c ****     /**FDCAN1 GPIO Configuration
 230:Core/Src/fdcan.c ****     PD0     ------> FDCAN1_RX
 231:Core/Src/fdcan.c ****     PD1     ------> FDCAN1_TX
 232:Core/Src/fdcan.c ****     */
 233:Core/Src/fdcan.c ****     HAL_GPIO_DeInit(GPIOD, GPIO_PIN_0|GPIO_PIN_1);
 234:Core/Src/fdcan.c **** 
ARM GAS  C:\Users\Joknem\AppData\Local\Temp\ccgadaOX.s 			page 17


 235:Core/Src/fdcan.c ****     /* FDCAN1 interrupt Deinit */
 236:Core/Src/fdcan.c ****     HAL_NVIC_DisableIRQ(FDCAN1_IT0_IRQn);
 237:Core/Src/fdcan.c ****   /* USER CODE BEGIN FDCAN1_MspDeInit 1 */
 238:Core/Src/fdcan.c **** 
 239:Core/Src/fdcan.c ****   /* USER CODE END FDCAN1_MspDeInit 1 */
 240:Core/Src/fdcan.c ****   }
 241:Core/Src/fdcan.c ****   else if(fdcanHandle->Instance==FDCAN2)
 608              		.loc 1 241 8 is_stmt 1 view .LVU221
 609              		.loc 1 241 10 is_stmt 0 view .LVU222
 610 000a 174A     		ldr	r2, .L37+4
 611 000c 9342     		cmp	r3, r2
 612 000e 14D0     		beq	.L36
 613              	.LVL24:
 614              	.L29:
 242:Core/Src/fdcan.c ****   {
 243:Core/Src/fdcan.c ****   /* USER CODE BEGIN FDCAN2_MspDeInit 0 */
 244:Core/Src/fdcan.c **** 
 245:Core/Src/fdcan.c ****   /* USER CODE END FDCAN2_MspDeInit 0 */
 246:Core/Src/fdcan.c ****     /* Peripheral clock disable */
 247:Core/Src/fdcan.c ****     HAL_RCC_FDCAN_CLK_ENABLED--;
 248:Core/Src/fdcan.c ****     if(HAL_RCC_FDCAN_CLK_ENABLED==0){
 249:Core/Src/fdcan.c ****       __HAL_RCC_FDCAN_CLK_DISABLE();
 250:Core/Src/fdcan.c ****     }
 251:Core/Src/fdcan.c **** 
 252:Core/Src/fdcan.c ****     /**FDCAN2 GPIO Configuration
 253:Core/Src/fdcan.c ****     PB12     ------> FDCAN2_RX
 254:Core/Src/fdcan.c ****     PB13     ------> FDCAN2_TX
 255:Core/Src/fdcan.c ****     */
 256:Core/Src/fdcan.c ****     HAL_GPIO_DeInit(GPIOB, GPIO_PIN_12|GPIO_PIN_13);
 257:Core/Src/fdcan.c **** 
 258:Core/Src/fdcan.c ****     /* FDCAN2 interrupt Deinit */
 259:Core/Src/fdcan.c ****     HAL_NVIC_DisableIRQ(FDCAN2_IT0_IRQn);
 260:Core/Src/fdcan.c ****   /* USER CODE BEGIN FDCAN2_MspDeInit 1 */
 261:Core/Src/fdcan.c **** 
 262:Core/Src/fdcan.c ****   /* USER CODE END FDCAN2_MspDeInit 1 */
 263:Core/Src/fdcan.c ****   }
 264:Core/Src/fdcan.c **** }
 615              		.loc 1 264 1 view .LVU223
 616 0010 08BD     		pop	{r3, pc}
 617              	.LVL25:
 618              	.L35:
 224:Core/Src/fdcan.c ****     if(HAL_RCC_FDCAN_CLK_ENABLED==0){
 619              		.loc 1 224 5 is_stmt 1 view .LVU224
 224:Core/Src/fdcan.c ****     if(HAL_RCC_FDCAN_CLK_ENABLED==0){
 620              		.loc 1 224 30 is_stmt 0 view .LVU225
 621 0012 164A     		ldr	r2, .L37+8
 622 0014 1368     		ldr	r3, [r2]
 623 0016 013B     		subs	r3, r3, #1
 624 0018 1360     		str	r3, [r2]
 225:Core/Src/fdcan.c ****       __HAL_RCC_FDCAN_CLK_DISABLE();
 625              		.loc 1 225 5 is_stmt 1 view .LVU226
 225:Core/Src/fdcan.c ****       __HAL_RCC_FDCAN_CLK_DISABLE();
 626              		.loc 1 225 7 is_stmt 0 view .LVU227
 627 001a 33B9     		cbnz	r3, .L31
 226:Core/Src/fdcan.c ****     }
 628              		.loc 1 226 7 is_stmt 1 view .LVU228
 629 001c 144A     		ldr	r2, .L37+12
ARM GAS  C:\Users\Joknem\AppData\Local\Temp\ccgadaOX.s 			page 18


 630 001e D2F8EC30 		ldr	r3, [r2, #236]
 631 0022 23F48073 		bic	r3, r3, #256
 632 0026 C2F8EC30 		str	r3, [r2, #236]
 633              	.L31:
 233:Core/Src/fdcan.c **** 
 634              		.loc 1 233 5 view .LVU229
 635 002a 0321     		movs	r1, #3
 636 002c 1148     		ldr	r0, .L37+16
 637              	.LVL26:
 233:Core/Src/fdcan.c **** 
 638              		.loc 1 233 5 is_stmt 0 view .LVU230
 639 002e FFF7FEFF 		bl	HAL_GPIO_DeInit
 640              	.LVL27:
 236:Core/Src/fdcan.c ****   /* USER CODE BEGIN FDCAN1_MspDeInit 1 */
 641              		.loc 1 236 5 is_stmt 1 view .LVU231
 642 0032 1320     		movs	r0, #19
 643 0034 FFF7FEFF 		bl	HAL_NVIC_DisableIRQ
 644              	.LVL28:
 645 0038 EAE7     		b	.L29
 646              	.LVL29:
 647              	.L36:
 247:Core/Src/fdcan.c ****     if(HAL_RCC_FDCAN_CLK_ENABLED==0){
 648              		.loc 1 247 5 view .LVU232
 247:Core/Src/fdcan.c ****     if(HAL_RCC_FDCAN_CLK_ENABLED==0){
 649              		.loc 1 247 30 is_stmt 0 view .LVU233
 650 003a 0C4A     		ldr	r2, .L37+8
 651 003c 1368     		ldr	r3, [r2]
 652 003e 013B     		subs	r3, r3, #1
 653 0040 1360     		str	r3, [r2]
 248:Core/Src/fdcan.c ****       __HAL_RCC_FDCAN_CLK_DISABLE();
 654              		.loc 1 248 5 is_stmt 1 view .LVU234
 248:Core/Src/fdcan.c ****       __HAL_RCC_FDCAN_CLK_DISABLE();
 655              		.loc 1 248 7 is_stmt 0 view .LVU235
 656 0042 33B9     		cbnz	r3, .L33
 249:Core/Src/fdcan.c ****     }
 657              		.loc 1 249 7 is_stmt 1 view .LVU236
 658 0044 0A4A     		ldr	r2, .L37+12
 659 0046 D2F8EC30 		ldr	r3, [r2, #236]
 660 004a 23F48073 		bic	r3, r3, #256
 661 004e C2F8EC30 		str	r3, [r2, #236]
 662              	.L33:
 256:Core/Src/fdcan.c **** 
 663              		.loc 1 256 5 view .LVU237
 664 0052 4FF44051 		mov	r1, #12288
 665 0056 0848     		ldr	r0, .L37+20
 666              	.LVL30:
 256:Core/Src/fdcan.c **** 
 667              		.loc 1 256 5 is_stmt 0 view .LVU238
 668 0058 FFF7FEFF 		bl	HAL_GPIO_DeInit
 669              	.LVL31:
 259:Core/Src/fdcan.c ****   /* USER CODE BEGIN FDCAN2_MspDeInit 1 */
 670              		.loc 1 259 5 is_stmt 1 view .LVU239
 671 005c 1420     		movs	r0, #20
 672 005e FFF7FEFF 		bl	HAL_NVIC_DisableIRQ
 673              	.LVL32:
 674              		.loc 1 264 1 is_stmt 0 view .LVU240
 675 0062 D5E7     		b	.L29
ARM GAS  C:\Users\Joknem\AppData\Local\Temp\ccgadaOX.s 			page 19


 676              	.L38:
 677              		.align	2
 678              	.L37:
 679 0064 00A00040 		.word	1073782784
 680 0068 00A40040 		.word	1073783808
 681 006c 00000000 		.word	.LANCHOR2
 682 0070 00440258 		.word	1476543488
 683 0074 000C0258 		.word	1476529152
 684 0078 00040258 		.word	1476527104
 685              		.cfi_endproc
 686              	.LFE188:
 688              		.global	hfdcan2
 689              		.global	hfdcan1
 690              		.section	.bss.HAL_RCC_FDCAN_CLK_ENABLED,"aw",%nobits
 691              		.align	2
 692              		.set	.LANCHOR2,. + 0
 695              	HAL_RCC_FDCAN_CLK_ENABLED:
 696 0000 00000000 		.space	4
 697              		.section	.bss.hfdcan1,"aw",%nobits
 698              		.align	2
 699              		.set	.LANCHOR0,. + 0
 702              	hfdcan1:
 703 0000 00000000 		.space	160
 703      00000000 
 703      00000000 
 703      00000000 
 703      00000000 
 704              		.section	.bss.hfdcan2,"aw",%nobits
 705              		.align	2
 706              		.set	.LANCHOR1,. + 0
 709              	hfdcan2:
 710 0000 00000000 		.space	160
 710      00000000 
 710      00000000 
 710      00000000 
 710      00000000 
 711              		.text
 712              	.Letext0:
 713              		.file 2 "c:\\program files (x86)\\gnu arm embedded toolchain\\10 2021.07\\arm-none-eabi\\include\\
 714              		.file 3 "c:\\program files (x86)\\gnu arm embedded toolchain\\10 2021.07\\arm-none-eabi\\include\\
 715              		.file 4 "Drivers/CMSIS/Device/ST/STM32H7xx/Include/stm32h743xx.h"
 716              		.file 5 "Drivers/CMSIS/Device/ST/STM32H7xx/Include/stm32h7xx.h"
 717              		.file 6 "Drivers/STM32H7xx_HAL_Driver/Inc/stm32h7xx_hal_def.h"
 718              		.file 7 "Drivers/STM32H7xx_HAL_Driver/Inc/stm32h7xx_hal_rcc_ex.h"
 719              		.file 8 "Drivers/STM32H7xx_HAL_Driver/Inc/stm32h7xx_hal_gpio.h"
 720              		.file 9 "Drivers/STM32H7xx_HAL_Driver/Inc/stm32h7xx_hal_fdcan.h"
 721              		.file 10 "Core/Inc/fdcan.h"
 722              		.file 11 "Drivers/STM32H7xx_HAL_Driver/Inc/stm32h7xx_hal_cortex.h"
 723              		.file 12 "Core/Inc/main.h"
 724              		.file 13 "<built-in>"
ARM GAS  C:\Users\Joknem\AppData\Local\Temp\ccgadaOX.s 			page 20


DEFINED SYMBOLS
                            *ABS*:00000000 fdcan.c
C:\Users\Joknem\AppData\Local\Temp\ccgadaOX.s:17     .text.MX_FDCAN1_Init:00000000 $t
C:\Users\Joknem\AppData\Local\Temp\ccgadaOX.s:25     .text.MX_FDCAN1_Init:00000000 MX_FDCAN1_Init
C:\Users\Joknem\AppData\Local\Temp\ccgadaOX.s:150    .text.MX_FDCAN1_Init:0000005c $d
C:\Users\Joknem\AppData\Local\Temp\ccgadaOX.s:156    .text.MX_FDCAN2_Init:00000000 $t
C:\Users\Joknem\AppData\Local\Temp\ccgadaOX.s:163    .text.MX_FDCAN2_Init:00000000 MX_FDCAN2_Init
C:\Users\Joknem\AppData\Local\Temp\ccgadaOX.s:287    .text.MX_FDCAN2_Init:0000005c $d
C:\Users\Joknem\AppData\Local\Temp\ccgadaOX.s:293    .text.HAL_FDCAN_MspInit:00000000 $t
C:\Users\Joknem\AppData\Local\Temp\ccgadaOX.s:300    .text.HAL_FDCAN_MspInit:00000000 HAL_FDCAN_MspInit
C:\Users\Joknem\AppData\Local\Temp\ccgadaOX.s:570    .text.HAL_FDCAN_MspInit:00000140 $d
C:\Users\Joknem\AppData\Local\Temp\ccgadaOX.s:581    .text.HAL_FDCAN_MspDeInit:00000000 $t
C:\Users\Joknem\AppData\Local\Temp\ccgadaOX.s:588    .text.HAL_FDCAN_MspDeInit:00000000 HAL_FDCAN_MspDeInit
C:\Users\Joknem\AppData\Local\Temp\ccgadaOX.s:679    .text.HAL_FDCAN_MspDeInit:00000064 $d
C:\Users\Joknem\AppData\Local\Temp\ccgadaOX.s:709    .bss.hfdcan2:00000000 hfdcan2
C:\Users\Joknem\AppData\Local\Temp\ccgadaOX.s:702    .bss.hfdcan1:00000000 hfdcan1
C:\Users\Joknem\AppData\Local\Temp\ccgadaOX.s:691    .bss.HAL_RCC_FDCAN_CLK_ENABLED:00000000 $d
C:\Users\Joknem\AppData\Local\Temp\ccgadaOX.s:695    .bss.HAL_RCC_FDCAN_CLK_ENABLED:00000000 HAL_RCC_FDCAN_CLK_ENABLED
C:\Users\Joknem\AppData\Local\Temp\ccgadaOX.s:698    .bss.hfdcan1:00000000 $d
C:\Users\Joknem\AppData\Local\Temp\ccgadaOX.s:705    .bss.hfdcan2:00000000 $d

UNDEFINED SYMBOLS
HAL_FDCAN_Init
Error_Handler
memset
HAL_RCCEx_PeriphCLKConfig
HAL_GPIO_Init
HAL_NVIC_SetPriority
HAL_NVIC_EnableIRQ
HAL_GPIO_DeInit
HAL_NVIC_DisableIRQ
