ARM GAS  C:\Users\Joknem\AppData\Local\Temp\ccUs4jL2.s 			page 1


   1              		.cpu cortex-m7
   2              		.eabi_attribute 28, 1
   3              		.eabi_attribute 20, 1
   4              		.eabi_attribute 21, 1
   5              		.eabi_attribute 23, 3
   6              		.eabi_attribute 24, 1
   7              		.eabi_attribute 25, 1
   8              		.eabi_attribute 26, 1
   9              		.eabi_attribute 30, 1
  10              		.eabi_attribute 34, 1
  11              		.eabi_attribute 18, 4
  12              		.file	"stm32h7xx_it.c"
  13              		.text
  14              	.Ltext0:
  15              		.cfi_sections	.debug_frame
  16              		.section	.text.NMI_Handler,"ax",%progbits
  17              		.align	1
  18              		.global	NMI_Handler
  19              		.arch armv7e-m
  20              		.syntax unified
  21              		.thumb
  22              		.thumb_func
  23              		.fpu fpv5-d16
  25              	NMI_Handler:
  26              	.LFB189:
  27              		.file 1 "Core/Src/stm32h7xx_it.c"
   1:Core/Src/stm32h7xx_it.c **** /* USER CODE BEGIN Header */
   2:Core/Src/stm32h7xx_it.c **** /**
   3:Core/Src/stm32h7xx_it.c ****   ******************************************************************************
   4:Core/Src/stm32h7xx_it.c ****   * @file    stm32h7xx_it.c
   5:Core/Src/stm32h7xx_it.c ****   * @brief   Interrupt Service Routines.
   6:Core/Src/stm32h7xx_it.c ****   ******************************************************************************
   7:Core/Src/stm32h7xx_it.c ****   * @attention
   8:Core/Src/stm32h7xx_it.c ****   *
   9:Core/Src/stm32h7xx_it.c ****   * <h2><center>&copy; Copyright (c) 2022 STMicroelectronics.
  10:Core/Src/stm32h7xx_it.c ****   * All rights reserved.</center></h2>
  11:Core/Src/stm32h7xx_it.c ****   *
  12:Core/Src/stm32h7xx_it.c ****   * This software component is licensed by ST under Ultimate Liberty license
  13:Core/Src/stm32h7xx_it.c ****   * SLA0044, the "License"; You may not use this file except in compliance with
  14:Core/Src/stm32h7xx_it.c ****   * the License. You may obtain a copy of the License at:
  15:Core/Src/stm32h7xx_it.c ****   *                             www.st.com/SLA0044
  16:Core/Src/stm32h7xx_it.c ****   *
  17:Core/Src/stm32h7xx_it.c ****   ******************************************************************************
  18:Core/Src/stm32h7xx_it.c ****   */
  19:Core/Src/stm32h7xx_it.c **** /* USER CODE END Header */
  20:Core/Src/stm32h7xx_it.c **** 
  21:Core/Src/stm32h7xx_it.c **** /* Includes ------------------------------------------------------------------*/
  22:Core/Src/stm32h7xx_it.c **** #include "main.h"
  23:Core/Src/stm32h7xx_it.c **** #include "stm32h7xx_it.h"
  24:Core/Src/stm32h7xx_it.c **** #include "FreeRTOS.h"
  25:Core/Src/stm32h7xx_it.c **** #include "task.h"
  26:Core/Src/stm32h7xx_it.c **** /* Private includes ----------------------------------------------------------*/
  27:Core/Src/stm32h7xx_it.c **** /* USER CODE BEGIN Includes */
  28:Core/Src/stm32h7xx_it.c **** /* USER CODE END Includes */
  29:Core/Src/stm32h7xx_it.c **** 
  30:Core/Src/stm32h7xx_it.c **** /* Private typedef -----------------------------------------------------------*/
  31:Core/Src/stm32h7xx_it.c **** /* USER CODE BEGIN TD */
ARM GAS  C:\Users\Joknem\AppData\Local\Temp\ccUs4jL2.s 			page 2


  32:Core/Src/stm32h7xx_it.c **** 
  33:Core/Src/stm32h7xx_it.c **** /* USER CODE END TD */
  34:Core/Src/stm32h7xx_it.c **** 
  35:Core/Src/stm32h7xx_it.c **** /* Private define ------------------------------------------------------------*/
  36:Core/Src/stm32h7xx_it.c **** /* USER CODE BEGIN PD */
  37:Core/Src/stm32h7xx_it.c **** 
  38:Core/Src/stm32h7xx_it.c **** /* USER CODE END PD */
  39:Core/Src/stm32h7xx_it.c **** 
  40:Core/Src/stm32h7xx_it.c **** /* Private macro -------------------------------------------------------------*/
  41:Core/Src/stm32h7xx_it.c **** /* USER CODE BEGIN PM */
  42:Core/Src/stm32h7xx_it.c **** 
  43:Core/Src/stm32h7xx_it.c **** /* USER CODE END PM */
  44:Core/Src/stm32h7xx_it.c **** 
  45:Core/Src/stm32h7xx_it.c **** /* Private variables ---------------------------------------------------------*/
  46:Core/Src/stm32h7xx_it.c **** /* USER CODE BEGIN PV */
  47:Core/Src/stm32h7xx_it.c **** 
  48:Core/Src/stm32h7xx_it.c **** /* USER CODE END PV */
  49:Core/Src/stm32h7xx_it.c **** 
  50:Core/Src/stm32h7xx_it.c **** /* Private function prototypes -----------------------------------------------*/
  51:Core/Src/stm32h7xx_it.c **** /* USER CODE BEGIN PFP */
  52:Core/Src/stm32h7xx_it.c **** 
  53:Core/Src/stm32h7xx_it.c **** /* USER CODE END PFP */
  54:Core/Src/stm32h7xx_it.c **** 
  55:Core/Src/stm32h7xx_it.c **** /* Private user code ---------------------------------------------------------*/
  56:Core/Src/stm32h7xx_it.c **** /* USER CODE BEGIN 0 */
  57:Core/Src/stm32h7xx_it.c **** 
  58:Core/Src/stm32h7xx_it.c **** /* USER CODE END 0 */
  59:Core/Src/stm32h7xx_it.c **** 
  60:Core/Src/stm32h7xx_it.c **** /* External variables --------------------------------------------------------*/
  61:Core/Src/stm32h7xx_it.c **** extern FDCAN_HandleTypeDef hfdcan1;
  62:Core/Src/stm32h7xx_it.c **** extern FDCAN_HandleTypeDef hfdcan2;
  63:Core/Src/stm32h7xx_it.c **** extern TIM_HandleTypeDef htim2;
  64:Core/Src/stm32h7xx_it.c **** extern TIM_HandleTypeDef htim3;
  65:Core/Src/stm32h7xx_it.c **** /* USER CODE BEGIN EV */
  66:Core/Src/stm32h7xx_it.c **** 
  67:Core/Src/stm32h7xx_it.c **** /* USER CODE END EV */
  68:Core/Src/stm32h7xx_it.c **** 
  69:Core/Src/stm32h7xx_it.c **** /******************************************************************************/
  70:Core/Src/stm32h7xx_it.c **** /*           Cortex Processor Interruption and Exception Handlers          */
  71:Core/Src/stm32h7xx_it.c **** /******************************************************************************/
  72:Core/Src/stm32h7xx_it.c **** /**
  73:Core/Src/stm32h7xx_it.c ****   * @brief This function handles Non maskable interrupt.
  74:Core/Src/stm32h7xx_it.c ****   */
  75:Core/Src/stm32h7xx_it.c **** void NMI_Handler(void)
  76:Core/Src/stm32h7xx_it.c **** {
  28              		.loc 1 76 1 view -0
  29              		.cfi_startproc
  30              		@ Volatile: function does not return.
  31              		@ args = 0, pretend = 0, frame = 0
  32              		@ frame_needed = 0, uses_anonymous_args = 0
  33              		@ link register save eliminated.
  34              	.L2:
  77:Core/Src/stm32h7xx_it.c ****   /* USER CODE BEGIN NonMaskableInt_IRQn 0 */
  78:Core/Src/stm32h7xx_it.c **** 
  79:Core/Src/stm32h7xx_it.c ****   /* USER CODE END NonMaskableInt_IRQn 0 */
  80:Core/Src/stm32h7xx_it.c ****   /* USER CODE BEGIN NonMaskableInt_IRQn 1 */
  81:Core/Src/stm32h7xx_it.c ****   while (1)
ARM GAS  C:\Users\Joknem\AppData\Local\Temp\ccUs4jL2.s 			page 3


  35              		.loc 1 81 3 discriminator 1 view .LVU1
  82:Core/Src/stm32h7xx_it.c ****   {
  83:Core/Src/stm32h7xx_it.c ****   }
  36              		.loc 1 83 3 discriminator 1 view .LVU2
  81:Core/Src/stm32h7xx_it.c ****   {
  37              		.loc 1 81 9 discriminator 1 view .LVU3
  38 0000 FEE7     		b	.L2
  39              		.cfi_endproc
  40              	.LFE189:
  42              		.section	.text.HardFault_Handler,"ax",%progbits
  43              		.align	1
  44              		.global	HardFault_Handler
  45              		.syntax unified
  46              		.thumb
  47              		.thumb_func
  48              		.fpu fpv5-d16
  50              	HardFault_Handler:
  51              	.LFB190:
  84:Core/Src/stm32h7xx_it.c ****   /* USER CODE END NonMaskableInt_IRQn 1 */
  85:Core/Src/stm32h7xx_it.c **** }
  86:Core/Src/stm32h7xx_it.c **** 
  87:Core/Src/stm32h7xx_it.c **** /**
  88:Core/Src/stm32h7xx_it.c ****   * @brief This function handles Hard fault interrupt.
  89:Core/Src/stm32h7xx_it.c ****   */
  90:Core/Src/stm32h7xx_it.c **** void HardFault_Handler(void)
  91:Core/Src/stm32h7xx_it.c **** {
  52              		.loc 1 91 1 view -0
  53              		.cfi_startproc
  54              		@ Volatile: function does not return.
  55              		@ args = 0, pretend = 0, frame = 0
  56              		@ frame_needed = 0, uses_anonymous_args = 0
  57              		@ link register save eliminated.
  58              	.L4:
  92:Core/Src/stm32h7xx_it.c ****   /* USER CODE BEGIN HardFault_IRQn 0 */
  93:Core/Src/stm32h7xx_it.c **** 
  94:Core/Src/stm32h7xx_it.c ****   /* USER CODE END HardFault_IRQn 0 */
  95:Core/Src/stm32h7xx_it.c ****   while (1)
  59              		.loc 1 95 3 discriminator 1 view .LVU5
  96:Core/Src/stm32h7xx_it.c ****   {
  97:Core/Src/stm32h7xx_it.c ****     /* USER CODE BEGIN W1_HardFault_IRQn 0 */
  98:Core/Src/stm32h7xx_it.c ****     /* USER CODE END W1_HardFault_IRQn 0 */
  99:Core/Src/stm32h7xx_it.c ****   }
  60              		.loc 1 99 3 discriminator 1 view .LVU6
  95:Core/Src/stm32h7xx_it.c ****   {
  61              		.loc 1 95 9 discriminator 1 view .LVU7
  62 0000 FEE7     		b	.L4
  63              		.cfi_endproc
  64              	.LFE190:
  66              		.section	.text.MemManage_Handler,"ax",%progbits
  67              		.align	1
  68              		.global	MemManage_Handler
  69              		.syntax unified
  70              		.thumb
  71              		.thumb_func
  72              		.fpu fpv5-d16
  74              	MemManage_Handler:
  75              	.LFB191:
ARM GAS  C:\Users\Joknem\AppData\Local\Temp\ccUs4jL2.s 			page 4


 100:Core/Src/stm32h7xx_it.c **** }
 101:Core/Src/stm32h7xx_it.c **** 
 102:Core/Src/stm32h7xx_it.c **** /**
 103:Core/Src/stm32h7xx_it.c ****   * @brief This function handles Memory management fault.
 104:Core/Src/stm32h7xx_it.c ****   */
 105:Core/Src/stm32h7xx_it.c **** void MemManage_Handler(void)
 106:Core/Src/stm32h7xx_it.c **** {
  76              		.loc 1 106 1 view -0
  77              		.cfi_startproc
  78              		@ Volatile: function does not return.
  79              		@ args = 0, pretend = 0, frame = 0
  80              		@ frame_needed = 0, uses_anonymous_args = 0
  81              		@ link register save eliminated.
  82              	.L6:
 107:Core/Src/stm32h7xx_it.c ****   /* USER CODE BEGIN MemoryManagement_IRQn 0 */
 108:Core/Src/stm32h7xx_it.c **** 
 109:Core/Src/stm32h7xx_it.c ****   /* USER CODE END MemoryManagement_IRQn 0 */
 110:Core/Src/stm32h7xx_it.c ****   while (1)
  83              		.loc 1 110 3 discriminator 1 view .LVU9
 111:Core/Src/stm32h7xx_it.c ****   {
 112:Core/Src/stm32h7xx_it.c ****     /* USER CODE BEGIN W1_MemoryManagement_IRQn 0 */
 113:Core/Src/stm32h7xx_it.c ****     /* USER CODE END W1_MemoryManagement_IRQn 0 */
 114:Core/Src/stm32h7xx_it.c ****   }
  84              		.loc 1 114 3 discriminator 1 view .LVU10
 110:Core/Src/stm32h7xx_it.c ****   {
  85              		.loc 1 110 9 discriminator 1 view .LVU11
  86 0000 FEE7     		b	.L6
  87              		.cfi_endproc
  88              	.LFE191:
  90              		.section	.text.BusFault_Handler,"ax",%progbits
  91              		.align	1
  92              		.global	BusFault_Handler
  93              		.syntax unified
  94              		.thumb
  95              		.thumb_func
  96              		.fpu fpv5-d16
  98              	BusFault_Handler:
  99              	.LFB192:
 115:Core/Src/stm32h7xx_it.c **** }
 116:Core/Src/stm32h7xx_it.c **** 
 117:Core/Src/stm32h7xx_it.c **** /**
 118:Core/Src/stm32h7xx_it.c ****   * @brief This function handles Pre-fetch fault, memory access fault.
 119:Core/Src/stm32h7xx_it.c ****   */
 120:Core/Src/stm32h7xx_it.c **** void BusFault_Handler(void)
 121:Core/Src/stm32h7xx_it.c **** {
 100              		.loc 1 121 1 view -0
 101              		.cfi_startproc
 102              		@ Volatile: function does not return.
 103              		@ args = 0, pretend = 0, frame = 0
 104              		@ frame_needed = 0, uses_anonymous_args = 0
 105              		@ link register save eliminated.
 106              	.L8:
 122:Core/Src/stm32h7xx_it.c ****   /* USER CODE BEGIN BusFault_IRQn 0 */
 123:Core/Src/stm32h7xx_it.c **** 
 124:Core/Src/stm32h7xx_it.c ****   /* USER CODE END BusFault_IRQn 0 */
 125:Core/Src/stm32h7xx_it.c ****   while (1)
 107              		.loc 1 125 3 discriminator 1 view .LVU13
ARM GAS  C:\Users\Joknem\AppData\Local\Temp\ccUs4jL2.s 			page 5


 126:Core/Src/stm32h7xx_it.c ****   {
 127:Core/Src/stm32h7xx_it.c ****     /* USER CODE BEGIN W1_BusFault_IRQn 0 */
 128:Core/Src/stm32h7xx_it.c ****     /* USER CODE END W1_BusFault_IRQn 0 */
 129:Core/Src/stm32h7xx_it.c ****   }
 108              		.loc 1 129 3 discriminator 1 view .LVU14
 125:Core/Src/stm32h7xx_it.c ****   {
 109              		.loc 1 125 9 discriminator 1 view .LVU15
 110 0000 FEE7     		b	.L8
 111              		.cfi_endproc
 112              	.LFE192:
 114              		.section	.text.UsageFault_Handler,"ax",%progbits
 115              		.align	1
 116              		.global	UsageFault_Handler
 117              		.syntax unified
 118              		.thumb
 119              		.thumb_func
 120              		.fpu fpv5-d16
 122              	UsageFault_Handler:
 123              	.LFB193:
 130:Core/Src/stm32h7xx_it.c **** }
 131:Core/Src/stm32h7xx_it.c **** 
 132:Core/Src/stm32h7xx_it.c **** /**
 133:Core/Src/stm32h7xx_it.c ****   * @brief This function handles Undefined instruction or illegal state.
 134:Core/Src/stm32h7xx_it.c ****   */
 135:Core/Src/stm32h7xx_it.c **** void UsageFault_Handler(void)
 136:Core/Src/stm32h7xx_it.c **** {
 124              		.loc 1 136 1 view -0
 125              		.cfi_startproc
 126              		@ Volatile: function does not return.
 127              		@ args = 0, pretend = 0, frame = 0
 128              		@ frame_needed = 0, uses_anonymous_args = 0
 129              		@ link register save eliminated.
 130              	.L10:
 137:Core/Src/stm32h7xx_it.c ****   /* USER CODE BEGIN UsageFault_IRQn 0 */
 138:Core/Src/stm32h7xx_it.c **** 
 139:Core/Src/stm32h7xx_it.c ****   /* USER CODE END UsageFault_IRQn 0 */
 140:Core/Src/stm32h7xx_it.c ****   while (1)
 131              		.loc 1 140 3 discriminator 1 view .LVU17
 141:Core/Src/stm32h7xx_it.c ****   {
 142:Core/Src/stm32h7xx_it.c ****     /* USER CODE BEGIN W1_UsageFault_IRQn 0 */
 143:Core/Src/stm32h7xx_it.c ****     /* USER CODE END W1_UsageFault_IRQn 0 */
 144:Core/Src/stm32h7xx_it.c ****   }
 132              		.loc 1 144 3 discriminator 1 view .LVU18
 140:Core/Src/stm32h7xx_it.c ****   {
 133              		.loc 1 140 9 discriminator 1 view .LVU19
 134 0000 FEE7     		b	.L10
 135              		.cfi_endproc
 136              	.LFE193:
 138              		.section	.text.DebugMon_Handler,"ax",%progbits
 139              		.align	1
 140              		.global	DebugMon_Handler
 141              		.syntax unified
 142              		.thumb
 143              		.thumb_func
 144              		.fpu fpv5-d16
 146              	DebugMon_Handler:
 147              	.LFB194:
ARM GAS  C:\Users\Joknem\AppData\Local\Temp\ccUs4jL2.s 			page 6


 145:Core/Src/stm32h7xx_it.c **** }
 146:Core/Src/stm32h7xx_it.c **** 
 147:Core/Src/stm32h7xx_it.c **** /**
 148:Core/Src/stm32h7xx_it.c ****   * @brief This function handles Debug monitor.
 149:Core/Src/stm32h7xx_it.c ****   */
 150:Core/Src/stm32h7xx_it.c **** void DebugMon_Handler(void)
 151:Core/Src/stm32h7xx_it.c **** {
 148              		.loc 1 151 1 view -0
 149              		.cfi_startproc
 150              		@ args = 0, pretend = 0, frame = 0
 151              		@ frame_needed = 0, uses_anonymous_args = 0
 152              		@ link register save eliminated.
 152:Core/Src/stm32h7xx_it.c ****   /* USER CODE BEGIN DebugMonitor_IRQn 0 */
 153:Core/Src/stm32h7xx_it.c **** 
 154:Core/Src/stm32h7xx_it.c ****   /* USER CODE END DebugMonitor_IRQn 0 */
 155:Core/Src/stm32h7xx_it.c ****   /* USER CODE BEGIN DebugMonitor_IRQn 1 */
 156:Core/Src/stm32h7xx_it.c **** 
 157:Core/Src/stm32h7xx_it.c ****   /* USER CODE END DebugMonitor_IRQn 1 */
 158:Core/Src/stm32h7xx_it.c **** }
 153              		.loc 1 158 1 view .LVU21
 154 0000 7047     		bx	lr
 155              		.cfi_endproc
 156              	.LFE194:
 158              		.section	.text.SysTick_Handler,"ax",%progbits
 159              		.align	1
 160              		.global	SysTick_Handler
 161              		.syntax unified
 162              		.thumb
 163              		.thumb_func
 164              		.fpu fpv5-d16
 166              	SysTick_Handler:
 167              	.LFB195:
 159:Core/Src/stm32h7xx_it.c **** 
 160:Core/Src/stm32h7xx_it.c **** /**
 161:Core/Src/stm32h7xx_it.c ****   * @brief This function handles System tick timer.
 162:Core/Src/stm32h7xx_it.c ****   */
 163:Core/Src/stm32h7xx_it.c **** void SysTick_Handler(void)
 164:Core/Src/stm32h7xx_it.c **** {
 168              		.loc 1 164 1 view -0
 169              		.cfi_startproc
 170              		@ args = 0, pretend = 0, frame = 0
 171              		@ frame_needed = 0, uses_anonymous_args = 0
 172 0000 08B5     		push	{r3, lr}
 173              	.LCFI0:
 174              		.cfi_def_cfa_offset 8
 175              		.cfi_offset 3, -8
 176              		.cfi_offset 14, -4
 165:Core/Src/stm32h7xx_it.c ****   /* USER CODE BEGIN SysTick_IRQn 0 */
 166:Core/Src/stm32h7xx_it.c **** 
 167:Core/Src/stm32h7xx_it.c ****   /* USER CODE END SysTick_IRQn 0 */
 168:Core/Src/stm32h7xx_it.c ****   HAL_IncTick();
 177              		.loc 1 168 3 view .LVU23
 178 0002 FFF7FEFF 		bl	HAL_IncTick
 179              	.LVL0:
 169:Core/Src/stm32h7xx_it.c **** #if (INCLUDE_xTaskGetSchedulerState == 1 )
 170:Core/Src/stm32h7xx_it.c ****   if (xTaskGetSchedulerState() != taskSCHEDULER_NOT_STARTED)
 180              		.loc 1 170 3 view .LVU24
ARM GAS  C:\Users\Joknem\AppData\Local\Temp\ccUs4jL2.s 			page 7


 181              		.loc 1 170 7 is_stmt 0 view .LVU25
 182 0006 FFF7FEFF 		bl	xTaskGetSchedulerState
 183              	.LVL1:
 184              		.loc 1 170 6 view .LVU26
 185 000a 0128     		cmp	r0, #1
 186 000c 00D1     		bne	.L15
 187              	.L12:
 171:Core/Src/stm32h7xx_it.c ****   {
 172:Core/Src/stm32h7xx_it.c **** #endif /* INCLUDE_xTaskGetSchedulerState */
 173:Core/Src/stm32h7xx_it.c ****   xPortSysTickHandler();
 174:Core/Src/stm32h7xx_it.c **** #if (INCLUDE_xTaskGetSchedulerState == 1 )
 175:Core/Src/stm32h7xx_it.c ****   }
 176:Core/Src/stm32h7xx_it.c **** #endif /* INCLUDE_xTaskGetSchedulerState */
 177:Core/Src/stm32h7xx_it.c ****   /* USER CODE BEGIN SysTick_IRQn 1 */
 178:Core/Src/stm32h7xx_it.c **** 
 179:Core/Src/stm32h7xx_it.c ****   /* USER CODE END SysTick_IRQn 1 */
 180:Core/Src/stm32h7xx_it.c **** }
 188              		.loc 1 180 1 view .LVU27
 189 000e 08BD     		pop	{r3, pc}
 190              	.L15:
 173:Core/Src/stm32h7xx_it.c **** #if (INCLUDE_xTaskGetSchedulerState == 1 )
 191              		.loc 1 173 3 is_stmt 1 view .LVU28
 192 0010 FFF7FEFF 		bl	xPortSysTickHandler
 193              	.LVL2:
 194              		.loc 1 180 1 is_stmt 0 view .LVU29
 195 0014 FBE7     		b	.L12
 196              		.cfi_endproc
 197              	.LFE195:
 199              		.section	.text.FDCAN1_IT0_IRQHandler,"ax",%progbits
 200              		.align	1
 201              		.global	FDCAN1_IT0_IRQHandler
 202              		.syntax unified
 203              		.thumb
 204              		.thumb_func
 205              		.fpu fpv5-d16
 207              	FDCAN1_IT0_IRQHandler:
 208              	.LFB196:
 181:Core/Src/stm32h7xx_it.c **** 
 182:Core/Src/stm32h7xx_it.c **** /******************************************************************************/
 183:Core/Src/stm32h7xx_it.c **** /* STM32H7xx Peripheral Interrupt Handlers                                    */
 184:Core/Src/stm32h7xx_it.c **** /* Add here the Interrupt Handlers for the used peripherals.                  */
 185:Core/Src/stm32h7xx_it.c **** /* For the available peripheral interrupt handler names,                      */
 186:Core/Src/stm32h7xx_it.c **** /* please refer to the startup file (startup_stm32h7xx.s).                    */
 187:Core/Src/stm32h7xx_it.c **** /******************************************************************************/
 188:Core/Src/stm32h7xx_it.c **** 
 189:Core/Src/stm32h7xx_it.c **** /**
 190:Core/Src/stm32h7xx_it.c ****   * @brief This function handles FDCAN1 interrupt 0.
 191:Core/Src/stm32h7xx_it.c ****   */
 192:Core/Src/stm32h7xx_it.c **** void FDCAN1_IT0_IRQHandler(void)
 193:Core/Src/stm32h7xx_it.c **** {
 209              		.loc 1 193 1 is_stmt 1 view -0
 210              		.cfi_startproc
 211              		@ args = 0, pretend = 0, frame = 0
 212              		@ frame_needed = 0, uses_anonymous_args = 0
 213 0000 08B5     		push	{r3, lr}
 214              	.LCFI1:
 215              		.cfi_def_cfa_offset 8
ARM GAS  C:\Users\Joknem\AppData\Local\Temp\ccUs4jL2.s 			page 8


 216              		.cfi_offset 3, -8
 217              		.cfi_offset 14, -4
 194:Core/Src/stm32h7xx_it.c ****   /* USER CODE BEGIN FDCAN1_IT0_IRQn 0 */
 195:Core/Src/stm32h7xx_it.c **** 
 196:Core/Src/stm32h7xx_it.c ****   /* USER CODE END FDCAN1_IT0_IRQn 0 */
 197:Core/Src/stm32h7xx_it.c ****   HAL_FDCAN_IRQHandler(&hfdcan1);
 218              		.loc 1 197 3 view .LVU31
 219 0002 0248     		ldr	r0, .L18
 220 0004 FFF7FEFF 		bl	HAL_FDCAN_IRQHandler
 221              	.LVL3:
 198:Core/Src/stm32h7xx_it.c ****   /* USER CODE BEGIN FDCAN1_IT0_IRQn 1 */
 199:Core/Src/stm32h7xx_it.c **** 
 200:Core/Src/stm32h7xx_it.c ****   /* USER CODE END FDCAN1_IT0_IRQn 1 */
 201:Core/Src/stm32h7xx_it.c **** }
 222              		.loc 1 201 1 is_stmt 0 view .LVU32
 223 0008 08BD     		pop	{r3, pc}
 224              	.L19:
 225 000a 00BF     		.align	2
 226              	.L18:
 227 000c 00000000 		.word	hfdcan1
 228              		.cfi_endproc
 229              	.LFE196:
 231              		.section	.text.FDCAN2_IT0_IRQHandler,"ax",%progbits
 232              		.align	1
 233              		.global	FDCAN2_IT0_IRQHandler
 234              		.syntax unified
 235              		.thumb
 236              		.thumb_func
 237              		.fpu fpv5-d16
 239              	FDCAN2_IT0_IRQHandler:
 240              	.LFB197:
 202:Core/Src/stm32h7xx_it.c **** 
 203:Core/Src/stm32h7xx_it.c **** /**
 204:Core/Src/stm32h7xx_it.c ****   * @brief This function handles FDCAN2 interrupt 0.
 205:Core/Src/stm32h7xx_it.c ****   */
 206:Core/Src/stm32h7xx_it.c **** void FDCAN2_IT0_IRQHandler(void)
 207:Core/Src/stm32h7xx_it.c **** {
 241              		.loc 1 207 1 is_stmt 1 view -0
 242              		.cfi_startproc
 243              		@ args = 0, pretend = 0, frame = 0
 244              		@ frame_needed = 0, uses_anonymous_args = 0
 245 0000 08B5     		push	{r3, lr}
 246              	.LCFI2:
 247              		.cfi_def_cfa_offset 8
 248              		.cfi_offset 3, -8
 249              		.cfi_offset 14, -4
 208:Core/Src/stm32h7xx_it.c ****   /* USER CODE BEGIN FDCAN2_IT0_IRQn 0 */
 209:Core/Src/stm32h7xx_it.c **** 
 210:Core/Src/stm32h7xx_it.c ****   /* USER CODE END FDCAN2_IT0_IRQn 0 */
 211:Core/Src/stm32h7xx_it.c ****   HAL_FDCAN_IRQHandler(&hfdcan2);
 250              		.loc 1 211 3 view .LVU34
 251 0002 0248     		ldr	r0, .L22
 252 0004 FFF7FEFF 		bl	HAL_FDCAN_IRQHandler
 253              	.LVL4:
 212:Core/Src/stm32h7xx_it.c ****   /* USER CODE BEGIN FDCAN2_IT0_IRQn 1 */
 213:Core/Src/stm32h7xx_it.c **** 
 214:Core/Src/stm32h7xx_it.c ****   /* USER CODE END FDCAN2_IT0_IRQn 1 */
ARM GAS  C:\Users\Joknem\AppData\Local\Temp\ccUs4jL2.s 			page 9


 215:Core/Src/stm32h7xx_it.c **** }
 254              		.loc 1 215 1 is_stmt 0 view .LVU35
 255 0008 08BD     		pop	{r3, pc}
 256              	.L23:
 257 000a 00BF     		.align	2
 258              	.L22:
 259 000c 00000000 		.word	hfdcan2
 260              		.cfi_endproc
 261              	.LFE197:
 263              		.section	.text.TIM2_IRQHandler,"ax",%progbits
 264              		.align	1
 265              		.global	TIM2_IRQHandler
 266              		.syntax unified
 267              		.thumb
 268              		.thumb_func
 269              		.fpu fpv5-d16
 271              	TIM2_IRQHandler:
 272              	.LFB198:
 216:Core/Src/stm32h7xx_it.c **** 
 217:Core/Src/stm32h7xx_it.c **** /**
 218:Core/Src/stm32h7xx_it.c ****   * @brief This function handles TIM2 global interrupt.
 219:Core/Src/stm32h7xx_it.c ****   */
 220:Core/Src/stm32h7xx_it.c **** void TIM2_IRQHandler(void)
 221:Core/Src/stm32h7xx_it.c **** {
 273              		.loc 1 221 1 is_stmt 1 view -0
 274              		.cfi_startproc
 275              		@ args = 0, pretend = 0, frame = 0
 276              		@ frame_needed = 0, uses_anonymous_args = 0
 277 0000 08B5     		push	{r3, lr}
 278              	.LCFI3:
 279              		.cfi_def_cfa_offset 8
 280              		.cfi_offset 3, -8
 281              		.cfi_offset 14, -4
 222:Core/Src/stm32h7xx_it.c ****   /* USER CODE BEGIN TIM2_IRQn 0 */
 223:Core/Src/stm32h7xx_it.c **** 
 224:Core/Src/stm32h7xx_it.c ****   /* USER CODE END TIM2_IRQn 0 */
 225:Core/Src/stm32h7xx_it.c ****   HAL_TIM_IRQHandler(&htim2);
 282              		.loc 1 225 3 view .LVU37
 283 0002 0248     		ldr	r0, .L26
 284 0004 FFF7FEFF 		bl	HAL_TIM_IRQHandler
 285              	.LVL5:
 226:Core/Src/stm32h7xx_it.c ****   /* USER CODE BEGIN TIM2_IRQn 1 */
 227:Core/Src/stm32h7xx_it.c **** 
 228:Core/Src/stm32h7xx_it.c ****   /* USER CODE END TIM2_IRQn 1 */
 229:Core/Src/stm32h7xx_it.c **** }
 286              		.loc 1 229 1 is_stmt 0 view .LVU38
 287 0008 08BD     		pop	{r3, pc}
 288              	.L27:
 289 000a 00BF     		.align	2
 290              	.L26:
 291 000c 00000000 		.word	htim2
 292              		.cfi_endproc
 293              	.LFE198:
 295              		.section	.text.TIM3_IRQHandler,"ax",%progbits
 296              		.align	1
 297              		.global	TIM3_IRQHandler
 298              		.syntax unified
ARM GAS  C:\Users\Joknem\AppData\Local\Temp\ccUs4jL2.s 			page 10


 299              		.thumb
 300              		.thumb_func
 301              		.fpu fpv5-d16
 303              	TIM3_IRQHandler:
 304              	.LFB199:
 230:Core/Src/stm32h7xx_it.c **** 
 231:Core/Src/stm32h7xx_it.c **** /**
 232:Core/Src/stm32h7xx_it.c ****   * @brief This function handles TIM3 global interrupt.
 233:Core/Src/stm32h7xx_it.c ****   */
 234:Core/Src/stm32h7xx_it.c **** void TIM3_IRQHandler(void)
 235:Core/Src/stm32h7xx_it.c **** {
 305              		.loc 1 235 1 is_stmt 1 view -0
 306              		.cfi_startproc
 307              		@ args = 0, pretend = 0, frame = 0
 308              		@ frame_needed = 0, uses_anonymous_args = 0
 309 0000 08B5     		push	{r3, lr}
 310              	.LCFI4:
 311              		.cfi_def_cfa_offset 8
 312              		.cfi_offset 3, -8
 313              		.cfi_offset 14, -4
 236:Core/Src/stm32h7xx_it.c ****   /* USER CODE BEGIN TIM3_IRQn 0 */
 237:Core/Src/stm32h7xx_it.c **** 
 238:Core/Src/stm32h7xx_it.c ****   /* USER CODE END TIM3_IRQn 0 */
 239:Core/Src/stm32h7xx_it.c ****   HAL_TIM_IRQHandler(&htim3);
 314              		.loc 1 239 3 view .LVU40
 315 0002 0248     		ldr	r0, .L30
 316 0004 FFF7FEFF 		bl	HAL_TIM_IRQHandler
 317              	.LVL6:
 240:Core/Src/stm32h7xx_it.c ****   /* USER CODE BEGIN TIM3_IRQn 1 */
 241:Core/Src/stm32h7xx_it.c **** 
 242:Core/Src/stm32h7xx_it.c ****   /* USER CODE END TIM3_IRQn 1 */
 243:Core/Src/stm32h7xx_it.c **** }
 318              		.loc 1 243 1 is_stmt 0 view .LVU41
 319 0008 08BD     		pop	{r3, pc}
 320              	.L31:
 321 000a 00BF     		.align	2
 322              	.L30:
 323 000c 00000000 		.word	htim3
 324              		.cfi_endproc
 325              	.LFE199:
 327              		.text
 328              	.Letext0:
 329              		.file 2 "c:\\program files (x86)\\gnu arm embedded toolchain\\10 2021.07\\arm-none-eabi\\include\\
 330              		.file 3 "c:\\program files (x86)\\gnu arm embedded toolchain\\10 2021.07\\arm-none-eabi\\include\\
 331              		.file 4 "Drivers/CMSIS/Device/ST/STM32H7xx/Include/stm32h743xx.h"
 332              		.file 5 "Drivers/CMSIS/Device/ST/STM32H7xx/Include/stm32h7xx.h"
 333              		.file 6 "Drivers/STM32H7xx_HAL_Driver/Inc/stm32h7xx_hal_def.h"
 334              		.file 7 "Drivers/STM32H7xx_HAL_Driver/Inc/stm32h7xx_hal_dma.h"
 335              		.file 8 "Drivers/STM32H7xx_HAL_Driver/Inc/stm32h7xx_hal_fdcan.h"
 336              		.file 9 "Drivers/STM32H7xx_HAL_Driver/Inc/stm32h7xx_hal_tim.h"
 337              		.file 10 "Middlewares/Third_Party/FreeRTOS/Source/portable/GCC/ARM_CM4F/portmacro.h"
 338              		.file 11 "Drivers/STM32H7xx_HAL_Driver/Inc/stm32h7xx_hal.h"
 339              		.file 12 "Middlewares/Third_Party/FreeRTOS/Source/include/task.h"
 340              		.file 13 "Core/Inc/FreeRTOSConfig.h"
ARM GAS  C:\Users\Joknem\AppData\Local\Temp\ccUs4jL2.s 			page 11


DEFINED SYMBOLS
                            *ABS*:00000000 stm32h7xx_it.c
C:\Users\Joknem\AppData\Local\Temp\ccUs4jL2.s:17     .text.NMI_Handler:00000000 $t
C:\Users\Joknem\AppData\Local\Temp\ccUs4jL2.s:25     .text.NMI_Handler:00000000 NMI_Handler
C:\Users\Joknem\AppData\Local\Temp\ccUs4jL2.s:43     .text.HardFault_Handler:00000000 $t
C:\Users\Joknem\AppData\Local\Temp\ccUs4jL2.s:50     .text.HardFault_Handler:00000000 HardFault_Handler
C:\Users\Joknem\AppData\Local\Temp\ccUs4jL2.s:67     .text.MemManage_Handler:00000000 $t
C:\Users\Joknem\AppData\Local\Temp\ccUs4jL2.s:74     .text.MemManage_Handler:00000000 MemManage_Handler
C:\Users\Joknem\AppData\Local\Temp\ccUs4jL2.s:91     .text.BusFault_Handler:00000000 $t
C:\Users\Joknem\AppData\Local\Temp\ccUs4jL2.s:98     .text.BusFault_Handler:00000000 BusFault_Handler
C:\Users\Joknem\AppData\Local\Temp\ccUs4jL2.s:115    .text.UsageFault_Handler:00000000 $t
C:\Users\Joknem\AppData\Local\Temp\ccUs4jL2.s:122    .text.UsageFault_Handler:00000000 UsageFault_Handler
C:\Users\Joknem\AppData\Local\Temp\ccUs4jL2.s:139    .text.DebugMon_Handler:00000000 $t
C:\Users\Joknem\AppData\Local\Temp\ccUs4jL2.s:146    .text.DebugMon_Handler:00000000 DebugMon_Handler
C:\Users\Joknem\AppData\Local\Temp\ccUs4jL2.s:159    .text.SysTick_Handler:00000000 $t
C:\Users\Joknem\AppData\Local\Temp\ccUs4jL2.s:166    .text.SysTick_Handler:00000000 SysTick_Handler
C:\Users\Joknem\AppData\Local\Temp\ccUs4jL2.s:200    .text.FDCAN1_IT0_IRQHandler:00000000 $t
C:\Users\Joknem\AppData\Local\Temp\ccUs4jL2.s:207    .text.FDCAN1_IT0_IRQHandler:00000000 FDCAN1_IT0_IRQHandler
C:\Users\Joknem\AppData\Local\Temp\ccUs4jL2.s:227    .text.FDCAN1_IT0_IRQHandler:0000000c $d
C:\Users\Joknem\AppData\Local\Temp\ccUs4jL2.s:232    .text.FDCAN2_IT0_IRQHandler:00000000 $t
C:\Users\Joknem\AppData\Local\Temp\ccUs4jL2.s:239    .text.FDCAN2_IT0_IRQHandler:00000000 FDCAN2_IT0_IRQHandler
C:\Users\Joknem\AppData\Local\Temp\ccUs4jL2.s:259    .text.FDCAN2_IT0_IRQHandler:0000000c $d
C:\Users\Joknem\AppData\Local\Temp\ccUs4jL2.s:264    .text.TIM2_IRQHandler:00000000 $t
C:\Users\Joknem\AppData\Local\Temp\ccUs4jL2.s:271    .text.TIM2_IRQHandler:00000000 TIM2_IRQHandler
C:\Users\Joknem\AppData\Local\Temp\ccUs4jL2.s:291    .text.TIM2_IRQHandler:0000000c $d
C:\Users\Joknem\AppData\Local\Temp\ccUs4jL2.s:296    .text.TIM3_IRQHandler:00000000 $t
C:\Users\Joknem\AppData\Local\Temp\ccUs4jL2.s:303    .text.TIM3_IRQHandler:00000000 TIM3_IRQHandler
C:\Users\Joknem\AppData\Local\Temp\ccUs4jL2.s:323    .text.TIM3_IRQHandler:0000000c $d

UNDEFINED SYMBOLS
HAL_IncTick
xTaskGetSchedulerState
xPortSysTickHandler
HAL_FDCAN_IRQHandler
hfdcan1
hfdcan2
HAL_TIM_IRQHandler
htim2
htim3
