ARM GAS  C:\Users\Joknem\AppData\Local\Temp\ccTbSTUm.s 			page 1


   1              		.cpu cortex-m7
   2              		.eabi_attribute 28, 1
   3              		.eabi_attribute 20, 1
   4              		.eabi_attribute 21, 1
   5              		.eabi_attribute 23, 3
   6              		.eabi_attribute 24, 1
   7              		.eabi_attribute 25, 1
   8              		.eabi_attribute 26, 1
   9              		.eabi_attribute 30, 1
  10              		.eabi_attribute 34, 1
  11              		.eabi_attribute 18, 4
  12              		.file	"tim.c"
  13              		.text
  14              	.Ltext0:
  15              		.cfi_sections	.debug_frame
  16              		.section	.text.MX_TIM2_Init,"ax",%progbits
  17              		.align	1
  18              		.global	MX_TIM2_Init
  19              		.arch armv7e-m
  20              		.syntax unified
  21              		.thumb
  22              		.thumb_func
  23              		.fpu fpv5-d16
  25              	MX_TIM2_Init:
  26              	.LFB185:
  27              		.file 1 "Core/Src/tim.c"
   1:Core/Src/tim.c **** /**
   2:Core/Src/tim.c ****   ******************************************************************************
   3:Core/Src/tim.c ****   * @file    tim.c
   4:Core/Src/tim.c ****   * @brief   This file provides code for the configuration
   5:Core/Src/tim.c ****   *          of the TIM instances.
   6:Core/Src/tim.c ****   ******************************************************************************
   7:Core/Src/tim.c ****   * @attention
   8:Core/Src/tim.c ****   *
   9:Core/Src/tim.c ****   * <h2><center>&copy; Copyright (c) 2022 STMicroelectronics.
  10:Core/Src/tim.c ****   * All rights reserved.</center></h2>
  11:Core/Src/tim.c ****   *
  12:Core/Src/tim.c ****   * This software component is licensed by ST under Ultimate Liberty license
  13:Core/Src/tim.c ****   * SLA0044, the "License"; You may not use this file except in compliance with
  14:Core/Src/tim.c ****   * the License. You may obtain a copy of the License at:
  15:Core/Src/tim.c ****   *                             www.st.com/SLA0044
  16:Core/Src/tim.c ****   *
  17:Core/Src/tim.c ****   ******************************************************************************
  18:Core/Src/tim.c ****   */
  19:Core/Src/tim.c **** 
  20:Core/Src/tim.c **** /* Includes ------------------------------------------------------------------*/
  21:Core/Src/tim.c **** #include "tim.h"
  22:Core/Src/tim.c **** 
  23:Core/Src/tim.c **** /* USER CODE BEGIN 0 */
  24:Core/Src/tim.c **** 
  25:Core/Src/tim.c **** /* USER CODE END 0 */
  26:Core/Src/tim.c **** 
  27:Core/Src/tim.c **** TIM_HandleTypeDef htim2;
  28:Core/Src/tim.c **** TIM_HandleTypeDef htim3;
  29:Core/Src/tim.c **** 
  30:Core/Src/tim.c **** /* TIM2 init function */
  31:Core/Src/tim.c **** void MX_TIM2_Init(void)
ARM GAS  C:\Users\Joknem\AppData\Local\Temp\ccTbSTUm.s 			page 2


  32:Core/Src/tim.c **** {
  28              		.loc 1 32 1 view -0
  29              		.cfi_startproc
  30              		@ args = 0, pretend = 0, frame = 32
  31              		@ frame_needed = 0, uses_anonymous_args = 0
  32 0000 00B5     		push	{lr}
  33              	.LCFI0:
  34              		.cfi_def_cfa_offset 4
  35              		.cfi_offset 14, -4
  36 0002 89B0     		sub	sp, sp, #36
  37              	.LCFI1:
  38              		.cfi_def_cfa_offset 40
  33:Core/Src/tim.c **** 
  34:Core/Src/tim.c ****   /* USER CODE BEGIN TIM2_Init 0 */
  35:Core/Src/tim.c **** 
  36:Core/Src/tim.c ****   /* USER CODE END TIM2_Init 0 */
  37:Core/Src/tim.c **** 
  38:Core/Src/tim.c ****   TIM_ClockConfigTypeDef sClockSourceConfig = {0};
  39              		.loc 1 38 3 view .LVU1
  40              		.loc 1 38 26 is_stmt 0 view .LVU2
  41 0004 0023     		movs	r3, #0
  42 0006 0493     		str	r3, [sp, #16]
  43 0008 0593     		str	r3, [sp, #20]
  44 000a 0693     		str	r3, [sp, #24]
  45 000c 0793     		str	r3, [sp, #28]
  39:Core/Src/tim.c ****   TIM_MasterConfigTypeDef sMasterConfig = {0};
  46              		.loc 1 39 3 is_stmt 1 view .LVU3
  47              		.loc 1 39 27 is_stmt 0 view .LVU4
  48 000e 0193     		str	r3, [sp, #4]
  49 0010 0293     		str	r3, [sp, #8]
  50 0012 0393     		str	r3, [sp, #12]
  40:Core/Src/tim.c **** 
  41:Core/Src/tim.c ****   /* USER CODE BEGIN TIM2_Init 1 */
  42:Core/Src/tim.c **** 
  43:Core/Src/tim.c ****   /* USER CODE END TIM2_Init 1 */
  44:Core/Src/tim.c ****   htim2.Instance = TIM2;
  51              		.loc 1 44 3 is_stmt 1 view .LVU5
  52              		.loc 1 44 18 is_stmt 0 view .LVU6
  53 0014 1548     		ldr	r0, .L9
  54 0016 4FF08042 		mov	r2, #1073741824
  55 001a 0260     		str	r2, [r0]
  45:Core/Src/tim.c ****   htim2.Init.Prescaler = 120-1;
  56              		.loc 1 45 3 is_stmt 1 view .LVU7
  57              		.loc 1 45 24 is_stmt 0 view .LVU8
  58 001c 7722     		movs	r2, #119
  59 001e 4260     		str	r2, [r0, #4]
  46:Core/Src/tim.c ****   htim2.Init.CounterMode = TIM_COUNTERMODE_UP;
  60              		.loc 1 46 3 is_stmt 1 view .LVU9
  61              		.loc 1 46 26 is_stmt 0 view .LVU10
  62 0020 8360     		str	r3, [r0, #8]
  47:Core/Src/tim.c ****   htim2.Init.Period = 1000-1;
  63              		.loc 1 47 3 is_stmt 1 view .LVU11
  64              		.loc 1 47 21 is_stmt 0 view .LVU12
  65 0022 40F2E732 		movw	r2, #999
  66 0026 C260     		str	r2, [r0, #12]
  48:Core/Src/tim.c ****   htim2.Init.ClockDivision = TIM_CLOCKDIVISION_DIV1;
  67              		.loc 1 48 3 is_stmt 1 view .LVU13
ARM GAS  C:\Users\Joknem\AppData\Local\Temp\ccTbSTUm.s 			page 3


  68              		.loc 1 48 28 is_stmt 0 view .LVU14
  69 0028 0361     		str	r3, [r0, #16]
  49:Core/Src/tim.c ****   htim2.Init.AutoReloadPreload = TIM_AUTORELOAD_PRELOAD_DISABLE;
  70              		.loc 1 49 3 is_stmt 1 view .LVU15
  71              		.loc 1 49 32 is_stmt 0 view .LVU16
  72 002a 8361     		str	r3, [r0, #24]
  50:Core/Src/tim.c ****   if (HAL_TIM_Base_Init(&htim2) != HAL_OK)
  73              		.loc 1 50 3 is_stmt 1 view .LVU17
  74              		.loc 1 50 7 is_stmt 0 view .LVU18
  75 002c FFF7FEFF 		bl	HAL_TIM_Base_Init
  76              	.LVL0:
  77              		.loc 1 50 6 view .LVU19
  78 0030 90B9     		cbnz	r0, .L6
  79              	.L2:
  51:Core/Src/tim.c ****   {
  52:Core/Src/tim.c ****     Error_Handler();
  53:Core/Src/tim.c ****   }
  54:Core/Src/tim.c ****   sClockSourceConfig.ClockSource = TIM_CLOCKSOURCE_INTERNAL;
  80              		.loc 1 54 3 is_stmt 1 view .LVU20
  81              		.loc 1 54 34 is_stmt 0 view .LVU21
  82 0032 4FF48053 		mov	r3, #4096
  83 0036 0493     		str	r3, [sp, #16]
  55:Core/Src/tim.c ****   if (HAL_TIM_ConfigClockSource(&htim2, &sClockSourceConfig) != HAL_OK)
  84              		.loc 1 55 3 is_stmt 1 view .LVU22
  85              		.loc 1 55 7 is_stmt 0 view .LVU23
  86 0038 04A9     		add	r1, sp, #16
  87 003a 0C48     		ldr	r0, .L9
  88 003c FFF7FEFF 		bl	HAL_TIM_ConfigClockSource
  89              	.LVL1:
  90              		.loc 1 55 6 view .LVU24
  91 0040 68B9     		cbnz	r0, .L7
  92              	.L3:
  56:Core/Src/tim.c ****   {
  57:Core/Src/tim.c ****     Error_Handler();
  58:Core/Src/tim.c ****   }
  59:Core/Src/tim.c ****   sMasterConfig.MasterOutputTrigger = TIM_TRGO_RESET;
  93              		.loc 1 59 3 is_stmt 1 view .LVU25
  94              		.loc 1 59 37 is_stmt 0 view .LVU26
  95 0042 0023     		movs	r3, #0
  96 0044 0193     		str	r3, [sp, #4]
  60:Core/Src/tim.c ****   sMasterConfig.MasterSlaveMode = TIM_MASTERSLAVEMODE_DISABLE;
  97              		.loc 1 60 3 is_stmt 1 view .LVU27
  98              		.loc 1 60 33 is_stmt 0 view .LVU28
  99 0046 0393     		str	r3, [sp, #12]
  61:Core/Src/tim.c ****   if (HAL_TIMEx_MasterConfigSynchronization(&htim2, &sMasterConfig) != HAL_OK)
 100              		.loc 1 61 3 is_stmt 1 view .LVU29
 101              		.loc 1 61 7 is_stmt 0 view .LVU30
 102 0048 01A9     		add	r1, sp, #4
 103 004a 0848     		ldr	r0, .L9
 104 004c FFF7FEFF 		bl	HAL_TIMEx_MasterConfigSynchronization
 105              	.LVL2:
 106              		.loc 1 61 6 view .LVU31
 107 0050 40B9     		cbnz	r0, .L8
 108              	.L1:
  62:Core/Src/tim.c ****   {
  63:Core/Src/tim.c ****     Error_Handler();
  64:Core/Src/tim.c ****   }
ARM GAS  C:\Users\Joknem\AppData\Local\Temp\ccTbSTUm.s 			page 4


  65:Core/Src/tim.c ****   /* USER CODE BEGIN TIM2_Init 2 */
  66:Core/Src/tim.c **** 
  67:Core/Src/tim.c ****   /* USER CODE END TIM2_Init 2 */
  68:Core/Src/tim.c **** 
  69:Core/Src/tim.c **** }
 109              		.loc 1 69 1 view .LVU32
 110 0052 09B0     		add	sp, sp, #36
 111              	.LCFI2:
 112              		.cfi_remember_state
 113              		.cfi_def_cfa_offset 4
 114              		@ sp needed
 115 0054 5DF804FB 		ldr	pc, [sp], #4
 116              	.L6:
 117              	.LCFI3:
 118              		.cfi_restore_state
  52:Core/Src/tim.c ****   }
 119              		.loc 1 52 5 is_stmt 1 view .LVU33
 120 0058 FFF7FEFF 		bl	Error_Handler
 121              	.LVL3:
 122 005c E9E7     		b	.L2
 123              	.L7:
  57:Core/Src/tim.c ****   }
 124              		.loc 1 57 5 view .LVU34
 125 005e FFF7FEFF 		bl	Error_Handler
 126              	.LVL4:
 127 0062 EEE7     		b	.L3
 128              	.L8:
  63:Core/Src/tim.c ****   }
 129              		.loc 1 63 5 view .LVU35
 130 0064 FFF7FEFF 		bl	Error_Handler
 131              	.LVL5:
 132              		.loc 1 69 1 is_stmt 0 view .LVU36
 133 0068 F3E7     		b	.L1
 134              	.L10:
 135 006a 00BF     		.align	2
 136              	.L9:
 137 006c 00000000 		.word	.LANCHOR0
 138              		.cfi_endproc
 139              	.LFE185:
 141              		.section	.text.MX_TIM3_Init,"ax",%progbits
 142              		.align	1
 143              		.global	MX_TIM3_Init
 144              		.syntax unified
 145              		.thumb
 146              		.thumb_func
 147              		.fpu fpv5-d16
 149              	MX_TIM3_Init:
 150              	.LFB186:
  70:Core/Src/tim.c **** /* TIM3 init function */
  71:Core/Src/tim.c **** void MX_TIM3_Init(void)
  72:Core/Src/tim.c **** {
 151              		.loc 1 72 1 is_stmt 1 view -0
 152              		.cfi_startproc
 153              		@ args = 0, pretend = 0, frame = 32
 154              		@ frame_needed = 0, uses_anonymous_args = 0
 155 0000 00B5     		push	{lr}
 156              	.LCFI4:
ARM GAS  C:\Users\Joknem\AppData\Local\Temp\ccTbSTUm.s 			page 5


 157              		.cfi_def_cfa_offset 4
 158              		.cfi_offset 14, -4
 159 0002 89B0     		sub	sp, sp, #36
 160              	.LCFI5:
 161              		.cfi_def_cfa_offset 40
  73:Core/Src/tim.c **** 
  74:Core/Src/tim.c ****   /* USER CODE BEGIN TIM3_Init 0 */
  75:Core/Src/tim.c **** 
  76:Core/Src/tim.c ****   /* USER CODE END TIM3_Init 0 */
  77:Core/Src/tim.c **** 
  78:Core/Src/tim.c ****   TIM_ClockConfigTypeDef sClockSourceConfig = {0};
 162              		.loc 1 78 3 view .LVU38
 163              		.loc 1 78 26 is_stmt 0 view .LVU39
 164 0004 0023     		movs	r3, #0
 165 0006 0493     		str	r3, [sp, #16]
 166 0008 0593     		str	r3, [sp, #20]
 167 000a 0693     		str	r3, [sp, #24]
 168 000c 0793     		str	r3, [sp, #28]
  79:Core/Src/tim.c ****   TIM_MasterConfigTypeDef sMasterConfig = {0};
 169              		.loc 1 79 3 is_stmt 1 view .LVU40
 170              		.loc 1 79 27 is_stmt 0 view .LVU41
 171 000e 0193     		str	r3, [sp, #4]
 172 0010 0293     		str	r3, [sp, #8]
 173 0012 0393     		str	r3, [sp, #12]
  80:Core/Src/tim.c **** 
  81:Core/Src/tim.c ****   /* USER CODE BEGIN TIM3_Init 1 */
  82:Core/Src/tim.c **** 
  83:Core/Src/tim.c ****   /* USER CODE END TIM3_Init 1 */
  84:Core/Src/tim.c ****   htim3.Instance = TIM3;
 174              		.loc 1 84 3 is_stmt 1 view .LVU42
 175              		.loc 1 84 18 is_stmt 0 view .LVU43
 176 0014 1448     		ldr	r0, .L19
 177 0016 154A     		ldr	r2, .L19+4
 178 0018 0260     		str	r2, [r0]
  85:Core/Src/tim.c ****   htim3.Init.Prescaler = 120 - 1;
 179              		.loc 1 85 3 is_stmt 1 view .LVU44
 180              		.loc 1 85 24 is_stmt 0 view .LVU45
 181 001a 7722     		movs	r2, #119
 182 001c 4260     		str	r2, [r0, #4]
  86:Core/Src/tim.c ****   htim3.Init.CounterMode = TIM_COUNTERMODE_UP;
 183              		.loc 1 86 3 is_stmt 1 view .LVU46
 184              		.loc 1 86 26 is_stmt 0 view .LVU47
 185 001e 8360     		str	r3, [r0, #8]
  87:Core/Src/tim.c ****   htim3.Init.Period = 10000 - 1;
 186              		.loc 1 87 3 is_stmt 1 view .LVU48
 187              		.loc 1 87 21 is_stmt 0 view .LVU49
 188 0020 42F20F72 		movw	r2, #9999
 189 0024 C260     		str	r2, [r0, #12]
  88:Core/Src/tim.c ****   htim3.Init.ClockDivision = TIM_CLOCKDIVISION_DIV1;
 190              		.loc 1 88 3 is_stmt 1 view .LVU50
 191              		.loc 1 88 28 is_stmt 0 view .LVU51
 192 0026 0361     		str	r3, [r0, #16]
  89:Core/Src/tim.c ****   htim3.Init.AutoReloadPreload = TIM_AUTORELOAD_PRELOAD_DISABLE;
 193              		.loc 1 89 3 is_stmt 1 view .LVU52
 194              		.loc 1 89 32 is_stmt 0 view .LVU53
 195 0028 8361     		str	r3, [r0, #24]
  90:Core/Src/tim.c ****   if (HAL_TIM_Base_Init(&htim3) != HAL_OK)
ARM GAS  C:\Users\Joknem\AppData\Local\Temp\ccTbSTUm.s 			page 6


 196              		.loc 1 90 3 is_stmt 1 view .LVU54
 197              		.loc 1 90 7 is_stmt 0 view .LVU55
 198 002a FFF7FEFF 		bl	HAL_TIM_Base_Init
 199              	.LVL6:
 200              		.loc 1 90 6 view .LVU56
 201 002e 90B9     		cbnz	r0, .L16
 202              	.L12:
  91:Core/Src/tim.c ****   {
  92:Core/Src/tim.c ****     Error_Handler();
  93:Core/Src/tim.c ****   }
  94:Core/Src/tim.c ****   sClockSourceConfig.ClockSource = TIM_CLOCKSOURCE_INTERNAL;
 203              		.loc 1 94 3 is_stmt 1 view .LVU57
 204              		.loc 1 94 34 is_stmt 0 view .LVU58
 205 0030 4FF48053 		mov	r3, #4096
 206 0034 0493     		str	r3, [sp, #16]
  95:Core/Src/tim.c ****   if (HAL_TIM_ConfigClockSource(&htim3, &sClockSourceConfig) != HAL_OK)
 207              		.loc 1 95 3 is_stmt 1 view .LVU59
 208              		.loc 1 95 7 is_stmt 0 view .LVU60
 209 0036 04A9     		add	r1, sp, #16
 210 0038 0B48     		ldr	r0, .L19
 211 003a FFF7FEFF 		bl	HAL_TIM_ConfigClockSource
 212              	.LVL7:
 213              		.loc 1 95 6 view .LVU61
 214 003e 68B9     		cbnz	r0, .L17
 215              	.L13:
  96:Core/Src/tim.c ****   {
  97:Core/Src/tim.c ****     Error_Handler();
  98:Core/Src/tim.c ****   }
  99:Core/Src/tim.c ****   sMasterConfig.MasterOutputTrigger = TIM_TRGO_RESET;
 216              		.loc 1 99 3 is_stmt 1 view .LVU62
 217              		.loc 1 99 37 is_stmt 0 view .LVU63
 218 0040 0023     		movs	r3, #0
 219 0042 0193     		str	r3, [sp, #4]
 100:Core/Src/tim.c ****   sMasterConfig.MasterSlaveMode = TIM_MASTERSLAVEMODE_DISABLE;
 220              		.loc 1 100 3 is_stmt 1 view .LVU64
 221              		.loc 1 100 33 is_stmt 0 view .LVU65
 222 0044 0393     		str	r3, [sp, #12]
 101:Core/Src/tim.c ****   if (HAL_TIMEx_MasterConfigSynchronization(&htim3, &sMasterConfig) != HAL_OK)
 223              		.loc 1 101 3 is_stmt 1 view .LVU66
 224              		.loc 1 101 7 is_stmt 0 view .LVU67
 225 0046 01A9     		add	r1, sp, #4
 226 0048 0748     		ldr	r0, .L19
 227 004a FFF7FEFF 		bl	HAL_TIMEx_MasterConfigSynchronization
 228              	.LVL8:
 229              		.loc 1 101 6 view .LVU68
 230 004e 40B9     		cbnz	r0, .L18
 231              	.L11:
 102:Core/Src/tim.c ****   {
 103:Core/Src/tim.c ****     Error_Handler();
 104:Core/Src/tim.c ****   }
 105:Core/Src/tim.c ****   /* USER CODE BEGIN TIM3_Init 2 */
 106:Core/Src/tim.c **** 
 107:Core/Src/tim.c ****   /* USER CODE END TIM3_Init 2 */
 108:Core/Src/tim.c **** 
 109:Core/Src/tim.c **** }
 232              		.loc 1 109 1 view .LVU69
 233 0050 09B0     		add	sp, sp, #36
ARM GAS  C:\Users\Joknem\AppData\Local\Temp\ccTbSTUm.s 			page 7


 234              	.LCFI6:
 235              		.cfi_remember_state
 236              		.cfi_def_cfa_offset 4
 237              		@ sp needed
 238 0052 5DF804FB 		ldr	pc, [sp], #4
 239              	.L16:
 240              	.LCFI7:
 241              		.cfi_restore_state
  92:Core/Src/tim.c ****   }
 242              		.loc 1 92 5 is_stmt 1 view .LVU70
 243 0056 FFF7FEFF 		bl	Error_Handler
 244              	.LVL9:
 245 005a E9E7     		b	.L12
 246              	.L17:
  97:Core/Src/tim.c ****   }
 247              		.loc 1 97 5 view .LVU71
 248 005c FFF7FEFF 		bl	Error_Handler
 249              	.LVL10:
 250 0060 EEE7     		b	.L13
 251              	.L18:
 103:Core/Src/tim.c ****   }
 252              		.loc 1 103 5 view .LVU72
 253 0062 FFF7FEFF 		bl	Error_Handler
 254              	.LVL11:
 255              		.loc 1 109 1 is_stmt 0 view .LVU73
 256 0066 F3E7     		b	.L11
 257              	.L20:
 258              		.align	2
 259              	.L19:
 260 0068 00000000 		.word	.LANCHOR1
 261 006c 00040040 		.word	1073742848
 262              		.cfi_endproc
 263              	.LFE186:
 265              		.section	.text.HAL_TIM_Base_MspInit,"ax",%progbits
 266              		.align	1
 267              		.global	HAL_TIM_Base_MspInit
 268              		.syntax unified
 269              		.thumb
 270              		.thumb_func
 271              		.fpu fpv5-d16
 273              	HAL_TIM_Base_MspInit:
 274              	.LVL12:
 275              	.LFB187:
 110:Core/Src/tim.c **** 
 111:Core/Src/tim.c **** void HAL_TIM_Base_MspInit(TIM_HandleTypeDef* tim_baseHandle)
 112:Core/Src/tim.c **** {
 276              		.loc 1 112 1 is_stmt 1 view -0
 277              		.cfi_startproc
 278              		@ args = 0, pretend = 0, frame = 8
 279              		@ frame_needed = 0, uses_anonymous_args = 0
 280              		.loc 1 112 1 is_stmt 0 view .LVU75
 281 0000 00B5     		push	{lr}
 282              	.LCFI8:
 283              		.cfi_def_cfa_offset 4
 284              		.cfi_offset 14, -4
 285 0002 83B0     		sub	sp, sp, #12
 286              	.LCFI9:
ARM GAS  C:\Users\Joknem\AppData\Local\Temp\ccTbSTUm.s 			page 8


 287              		.cfi_def_cfa_offset 16
 113:Core/Src/tim.c **** 
 114:Core/Src/tim.c ****   if(tim_baseHandle->Instance==TIM2)
 288              		.loc 1 114 3 is_stmt 1 view .LVU76
 289              		.loc 1 114 20 is_stmt 0 view .LVU77
 290 0004 0368     		ldr	r3, [r0]
 291              		.loc 1 114 5 view .LVU78
 292 0006 B3F1804F 		cmp	r3, #1073741824
 293 000a 05D0     		beq	.L25
 115:Core/Src/tim.c ****   {
 116:Core/Src/tim.c ****   /* USER CODE BEGIN TIM2_MspInit 0 */
 117:Core/Src/tim.c **** 
 118:Core/Src/tim.c ****   /* USER CODE END TIM2_MspInit 0 */
 119:Core/Src/tim.c ****     /* TIM2 clock enable */
 120:Core/Src/tim.c ****     __HAL_RCC_TIM2_CLK_ENABLE();
 121:Core/Src/tim.c **** 
 122:Core/Src/tim.c ****     /* TIM2 interrupt Init */
 123:Core/Src/tim.c ****     HAL_NVIC_SetPriority(TIM2_IRQn, 5, 0);
 124:Core/Src/tim.c ****     HAL_NVIC_EnableIRQ(TIM2_IRQn);
 125:Core/Src/tim.c ****   /* USER CODE BEGIN TIM2_MspInit 1 */
 126:Core/Src/tim.c **** 
 127:Core/Src/tim.c ****   /* USER CODE END TIM2_MspInit 1 */
 128:Core/Src/tim.c ****   }
 129:Core/Src/tim.c ****   else if(tim_baseHandle->Instance==TIM3)
 294              		.loc 1 129 8 is_stmt 1 view .LVU79
 295              		.loc 1 129 10 is_stmt 0 view .LVU80
 296 000c 184A     		ldr	r2, .L27
 297 000e 9342     		cmp	r3, r2
 298 0010 18D0     		beq	.L26
 299              	.LVL13:
 300              	.L21:
 130:Core/Src/tim.c ****   {
 131:Core/Src/tim.c ****   /* USER CODE BEGIN TIM3_MspInit 0 */
 132:Core/Src/tim.c **** 
 133:Core/Src/tim.c ****   /* USER CODE END TIM3_MspInit 0 */
 134:Core/Src/tim.c ****     /* TIM3 clock enable */
 135:Core/Src/tim.c ****     __HAL_RCC_TIM3_CLK_ENABLE();
 136:Core/Src/tim.c **** 
 137:Core/Src/tim.c ****     /* TIM3 interrupt Init */
 138:Core/Src/tim.c ****     HAL_NVIC_SetPriority(TIM3_IRQn, 5, 0);
 139:Core/Src/tim.c ****     HAL_NVIC_EnableIRQ(TIM3_IRQn);
 140:Core/Src/tim.c ****   /* USER CODE BEGIN TIM3_MspInit 1 */
 141:Core/Src/tim.c **** 
 142:Core/Src/tim.c ****   /* USER CODE END TIM3_MspInit 1 */
 143:Core/Src/tim.c ****   }
 144:Core/Src/tim.c **** }
 301              		.loc 1 144 1 view .LVU81
 302 0012 03B0     		add	sp, sp, #12
 303              	.LCFI10:
 304              		.cfi_remember_state
 305              		.cfi_def_cfa_offset 4
 306              		@ sp needed
 307 0014 5DF804FB 		ldr	pc, [sp], #4
 308              	.LVL14:
 309              	.L25:
 310              	.LCFI11:
 311              		.cfi_restore_state
ARM GAS  C:\Users\Joknem\AppData\Local\Temp\ccTbSTUm.s 			page 9


 120:Core/Src/tim.c **** 
 312              		.loc 1 120 5 is_stmt 1 view .LVU82
 313              	.LBB2:
 120:Core/Src/tim.c **** 
 314              		.loc 1 120 5 view .LVU83
 120:Core/Src/tim.c **** 
 315              		.loc 1 120 5 view .LVU84
 316 0018 164B     		ldr	r3, .L27+4
 317 001a D3F8E820 		ldr	r2, [r3, #232]
 318 001e 42F00102 		orr	r2, r2, #1
 319 0022 C3F8E820 		str	r2, [r3, #232]
 120:Core/Src/tim.c **** 
 320              		.loc 1 120 5 view .LVU85
 321 0026 D3F8E830 		ldr	r3, [r3, #232]
 322 002a 03F00103 		and	r3, r3, #1
 323 002e 0093     		str	r3, [sp]
 120:Core/Src/tim.c **** 
 324              		.loc 1 120 5 view .LVU86
 325 0030 009B     		ldr	r3, [sp]
 326              	.LBE2:
 120:Core/Src/tim.c **** 
 327              		.loc 1 120 5 view .LVU87
 123:Core/Src/tim.c ****     HAL_NVIC_EnableIRQ(TIM2_IRQn);
 328              		.loc 1 123 5 view .LVU88
 329 0032 0022     		movs	r2, #0
 330 0034 0521     		movs	r1, #5
 331 0036 1C20     		movs	r0, #28
 332              	.LVL15:
 123:Core/Src/tim.c ****     HAL_NVIC_EnableIRQ(TIM2_IRQn);
 333              		.loc 1 123 5 is_stmt 0 view .LVU89
 334 0038 FFF7FEFF 		bl	HAL_NVIC_SetPriority
 335              	.LVL16:
 124:Core/Src/tim.c ****   /* USER CODE BEGIN TIM2_MspInit 1 */
 336              		.loc 1 124 5 is_stmt 1 view .LVU90
 337 003c 1C20     		movs	r0, #28
 338 003e FFF7FEFF 		bl	HAL_NVIC_EnableIRQ
 339              	.LVL17:
 340 0042 E6E7     		b	.L21
 341              	.LVL18:
 342              	.L26:
 135:Core/Src/tim.c **** 
 343              		.loc 1 135 5 view .LVU91
 344              	.LBB3:
 135:Core/Src/tim.c **** 
 345              		.loc 1 135 5 view .LVU92
 135:Core/Src/tim.c **** 
 346              		.loc 1 135 5 view .LVU93
 347 0044 0B4B     		ldr	r3, .L27+4
 348 0046 D3F8E820 		ldr	r2, [r3, #232]
 349 004a 42F00202 		orr	r2, r2, #2
 350 004e C3F8E820 		str	r2, [r3, #232]
 135:Core/Src/tim.c **** 
 351              		.loc 1 135 5 view .LVU94
 352 0052 D3F8E830 		ldr	r3, [r3, #232]
 353 0056 03F00203 		and	r3, r3, #2
 354 005a 0193     		str	r3, [sp, #4]
 135:Core/Src/tim.c **** 
ARM GAS  C:\Users\Joknem\AppData\Local\Temp\ccTbSTUm.s 			page 10


 355              		.loc 1 135 5 view .LVU95
 356 005c 019B     		ldr	r3, [sp, #4]
 357              	.LBE3:
 135:Core/Src/tim.c **** 
 358              		.loc 1 135 5 view .LVU96
 138:Core/Src/tim.c ****     HAL_NVIC_EnableIRQ(TIM3_IRQn);
 359              		.loc 1 138 5 view .LVU97
 360 005e 0022     		movs	r2, #0
 361 0060 0521     		movs	r1, #5
 362 0062 1D20     		movs	r0, #29
 363              	.LVL19:
 138:Core/Src/tim.c ****     HAL_NVIC_EnableIRQ(TIM3_IRQn);
 364              		.loc 1 138 5 is_stmt 0 view .LVU98
 365 0064 FFF7FEFF 		bl	HAL_NVIC_SetPriority
 366              	.LVL20:
 139:Core/Src/tim.c ****   /* USER CODE BEGIN TIM3_MspInit 1 */
 367              		.loc 1 139 5 is_stmt 1 view .LVU99
 368 0068 1D20     		movs	r0, #29
 369 006a FFF7FEFF 		bl	HAL_NVIC_EnableIRQ
 370              	.LVL21:
 371              		.loc 1 144 1 is_stmt 0 view .LVU100
 372 006e D0E7     		b	.L21
 373              	.L28:
 374              		.align	2
 375              	.L27:
 376 0070 00040040 		.word	1073742848
 377 0074 00440258 		.word	1476543488
 378              		.cfi_endproc
 379              	.LFE187:
 381              		.section	.text.HAL_TIM_Base_MspDeInit,"ax",%progbits
 382              		.align	1
 383              		.global	HAL_TIM_Base_MspDeInit
 384              		.syntax unified
 385              		.thumb
 386              		.thumb_func
 387              		.fpu fpv5-d16
 389              	HAL_TIM_Base_MspDeInit:
 390              	.LVL22:
 391              	.LFB188:
 145:Core/Src/tim.c **** 
 146:Core/Src/tim.c **** void HAL_TIM_Base_MspDeInit(TIM_HandleTypeDef* tim_baseHandle)
 147:Core/Src/tim.c **** {
 392              		.loc 1 147 1 is_stmt 1 view -0
 393              		.cfi_startproc
 394              		@ args = 0, pretend = 0, frame = 0
 395              		@ frame_needed = 0, uses_anonymous_args = 0
 396              		.loc 1 147 1 is_stmt 0 view .LVU102
 397 0000 08B5     		push	{r3, lr}
 398              	.LCFI12:
 399              		.cfi_def_cfa_offset 8
 400              		.cfi_offset 3, -8
 401              		.cfi_offset 14, -4
 148:Core/Src/tim.c **** 
 149:Core/Src/tim.c ****   if(tim_baseHandle->Instance==TIM2)
 402              		.loc 1 149 3 is_stmt 1 view .LVU103
 403              		.loc 1 149 20 is_stmt 0 view .LVU104
 404 0002 0368     		ldr	r3, [r0]
ARM GAS  C:\Users\Joknem\AppData\Local\Temp\ccTbSTUm.s 			page 11


 405              		.loc 1 149 5 view .LVU105
 406 0004 B3F1804F 		cmp	r3, #1073741824
 407 0008 03D0     		beq	.L33
 150:Core/Src/tim.c ****   {
 151:Core/Src/tim.c ****   /* USER CODE BEGIN TIM2_MspDeInit 0 */
 152:Core/Src/tim.c **** 
 153:Core/Src/tim.c ****   /* USER CODE END TIM2_MspDeInit 0 */
 154:Core/Src/tim.c ****     /* Peripheral clock disable */
 155:Core/Src/tim.c ****     __HAL_RCC_TIM2_CLK_DISABLE();
 156:Core/Src/tim.c **** 
 157:Core/Src/tim.c ****     /* TIM2 interrupt Deinit */
 158:Core/Src/tim.c ****     HAL_NVIC_DisableIRQ(TIM2_IRQn);
 159:Core/Src/tim.c ****   /* USER CODE BEGIN TIM2_MspDeInit 1 */
 160:Core/Src/tim.c **** 
 161:Core/Src/tim.c ****   /* USER CODE END TIM2_MspDeInit 1 */
 162:Core/Src/tim.c ****   }
 163:Core/Src/tim.c ****   else if(tim_baseHandle->Instance==TIM3)
 408              		.loc 1 163 8 is_stmt 1 view .LVU106
 409              		.loc 1 163 10 is_stmt 0 view .LVU107
 410 000a 0D4A     		ldr	r2, .L35
 411 000c 9342     		cmp	r3, r2
 412 000e 0BD0     		beq	.L34
 413              	.LVL23:
 414              	.L29:
 164:Core/Src/tim.c ****   {
 165:Core/Src/tim.c ****   /* USER CODE BEGIN TIM3_MspDeInit 0 */
 166:Core/Src/tim.c **** 
 167:Core/Src/tim.c ****   /* USER CODE END TIM3_MspDeInit 0 */
 168:Core/Src/tim.c ****     /* Peripheral clock disable */
 169:Core/Src/tim.c ****     __HAL_RCC_TIM3_CLK_DISABLE();
 170:Core/Src/tim.c **** 
 171:Core/Src/tim.c ****     /* TIM3 interrupt Deinit */
 172:Core/Src/tim.c ****     HAL_NVIC_DisableIRQ(TIM3_IRQn);
 173:Core/Src/tim.c ****   /* USER CODE BEGIN TIM3_MspDeInit 1 */
 174:Core/Src/tim.c **** 
 175:Core/Src/tim.c ****   /* USER CODE END TIM3_MspDeInit 1 */
 176:Core/Src/tim.c ****   }
 177:Core/Src/tim.c **** }
 415              		.loc 1 177 1 view .LVU108
 416 0010 08BD     		pop	{r3, pc}
 417              	.LVL24:
 418              	.L33:
 155:Core/Src/tim.c **** 
 419              		.loc 1 155 5 is_stmt 1 view .LVU109
 420 0012 0C4A     		ldr	r2, .L35+4
 421 0014 D2F8E830 		ldr	r3, [r2, #232]
 422 0018 23F00103 		bic	r3, r3, #1
 423 001c C2F8E830 		str	r3, [r2, #232]
 158:Core/Src/tim.c ****   /* USER CODE BEGIN TIM2_MspDeInit 1 */
 424              		.loc 1 158 5 view .LVU110
 425 0020 1C20     		movs	r0, #28
 426              	.LVL25:
 158:Core/Src/tim.c ****   /* USER CODE BEGIN TIM2_MspDeInit 1 */
 427              		.loc 1 158 5 is_stmt 0 view .LVU111
 428 0022 FFF7FEFF 		bl	HAL_NVIC_DisableIRQ
 429              	.LVL26:
 430 0026 F3E7     		b	.L29
ARM GAS  C:\Users\Joknem\AppData\Local\Temp\ccTbSTUm.s 			page 12


 431              	.LVL27:
 432              	.L34:
 169:Core/Src/tim.c **** 
 433              		.loc 1 169 5 is_stmt 1 view .LVU112
 434 0028 064A     		ldr	r2, .L35+4
 435 002a D2F8E830 		ldr	r3, [r2, #232]
 436 002e 23F00203 		bic	r3, r3, #2
 437 0032 C2F8E830 		str	r3, [r2, #232]
 172:Core/Src/tim.c ****   /* USER CODE BEGIN TIM3_MspDeInit 1 */
 438              		.loc 1 172 5 view .LVU113
 439 0036 1D20     		movs	r0, #29
 440              	.LVL28:
 172:Core/Src/tim.c ****   /* USER CODE BEGIN TIM3_MspDeInit 1 */
 441              		.loc 1 172 5 is_stmt 0 view .LVU114
 442 0038 FFF7FEFF 		bl	HAL_NVIC_DisableIRQ
 443              	.LVL29:
 444              		.loc 1 177 1 view .LVU115
 445 003c E8E7     		b	.L29
 446              	.L36:
 447 003e 00BF     		.align	2
 448              	.L35:
 449 0040 00040040 		.word	1073742848
 450 0044 00440258 		.word	1476543488
 451              		.cfi_endproc
 452              	.LFE188:
 454              		.global	htim3
 455              		.global	htim2
 456              		.section	.bss.htim2,"aw",%nobits
 457              		.align	2
 458              		.set	.LANCHOR0,. + 0
 461              	htim2:
 462 0000 00000000 		.space	76
 462      00000000 
 462      00000000 
 462      00000000 
 462      00000000 
 463              		.section	.bss.htim3,"aw",%nobits
 464              		.align	2
 465              		.set	.LANCHOR1,. + 0
 468              	htim3:
 469 0000 00000000 		.space	76
 469      00000000 
 469      00000000 
 469      00000000 
 469      00000000 
 470              		.text
 471              	.Letext0:
 472              		.file 2 "c:\\program files (x86)\\gnu arm embedded toolchain\\10 2021.07\\arm-none-eabi\\include\\
 473              		.file 3 "c:\\program files (x86)\\gnu arm embedded toolchain\\10 2021.07\\arm-none-eabi\\include\\
 474              		.file 4 "Drivers/CMSIS/Device/ST/STM32H7xx/Include/stm32h743xx.h"
 475              		.file 5 "Drivers/STM32H7xx_HAL_Driver/Inc/stm32h7xx_hal_def.h"
 476              		.file 6 "Drivers/STM32H7xx_HAL_Driver/Inc/stm32h7xx_hal_dma.h"
 477              		.file 7 "Drivers/STM32H7xx_HAL_Driver/Inc/stm32h7xx_hal_tim.h"
 478              		.file 8 "Core/Inc/tim.h"
 479              		.file 9 "Drivers/STM32H7xx_HAL_Driver/Inc/stm32h7xx_hal_cortex.h"
 480              		.file 10 "Drivers/STM32H7xx_HAL_Driver/Inc/stm32h7xx_hal_tim_ex.h"
 481              		.file 11 "Core/Inc/main.h"
ARM GAS  C:\Users\Joknem\AppData\Local\Temp\ccTbSTUm.s 			page 13


ARM GAS  C:\Users\Joknem\AppData\Local\Temp\ccTbSTUm.s 			page 14


DEFINED SYMBOLS
                            *ABS*:00000000 tim.c
C:\Users\Joknem\AppData\Local\Temp\ccTbSTUm.s:17     .text.MX_TIM2_Init:00000000 $t
C:\Users\Joknem\AppData\Local\Temp\ccTbSTUm.s:25     .text.MX_TIM2_Init:00000000 MX_TIM2_Init
C:\Users\Joknem\AppData\Local\Temp\ccTbSTUm.s:137    .text.MX_TIM2_Init:0000006c $d
C:\Users\Joknem\AppData\Local\Temp\ccTbSTUm.s:142    .text.MX_TIM3_Init:00000000 $t
C:\Users\Joknem\AppData\Local\Temp\ccTbSTUm.s:149    .text.MX_TIM3_Init:00000000 MX_TIM3_Init
C:\Users\Joknem\AppData\Local\Temp\ccTbSTUm.s:260    .text.MX_TIM3_Init:00000068 $d
C:\Users\Joknem\AppData\Local\Temp\ccTbSTUm.s:266    .text.HAL_TIM_Base_MspInit:00000000 $t
C:\Users\Joknem\AppData\Local\Temp\ccTbSTUm.s:273    .text.HAL_TIM_Base_MspInit:00000000 HAL_TIM_Base_MspInit
C:\Users\Joknem\AppData\Local\Temp\ccTbSTUm.s:376    .text.HAL_TIM_Base_MspInit:00000070 $d
C:\Users\Joknem\AppData\Local\Temp\ccTbSTUm.s:382    .text.HAL_TIM_Base_MspDeInit:00000000 $t
C:\Users\Joknem\AppData\Local\Temp\ccTbSTUm.s:389    .text.HAL_TIM_Base_MspDeInit:00000000 HAL_TIM_Base_MspDeInit
C:\Users\Joknem\AppData\Local\Temp\ccTbSTUm.s:449    .text.HAL_TIM_Base_MspDeInit:00000040 $d
C:\Users\Joknem\AppData\Local\Temp\ccTbSTUm.s:468    .bss.htim3:00000000 htim3
C:\Users\Joknem\AppData\Local\Temp\ccTbSTUm.s:461    .bss.htim2:00000000 htim2
C:\Users\Joknem\AppData\Local\Temp\ccTbSTUm.s:457    .bss.htim2:00000000 $d
C:\Users\Joknem\AppData\Local\Temp\ccTbSTUm.s:464    .bss.htim3:00000000 $d

UNDEFINED SYMBOLS
HAL_TIM_Base_Init
HAL_TIM_ConfigClockSource
HAL_TIMEx_MasterConfigSynchronization
Error_Handler
HAL_NVIC_SetPriority
HAL_NVIC_EnableIRQ
HAL_NVIC_DisableIRQ
